[2021-07-15 13:56:17,905] [INFO ] [main] [StartupInfoLogger.java:50] [c.s.b.SpringApplication] - Starting SpringApplication on LAPTOP-BMFDIME7 with PID 34284 (D:\sgmw\git_repo\bigDataCompetition\target\classes started by desu in D:\sgmw\git_repo\bigDataCompetition)
[2021-07-15 13:56:17,909] [INFO ] [main] [SpringApplication.java:675] [c.s.b.SpringApplication] - No active profile set, falling back to default profiles: default
[2021-07-15 13:56:18,989] [INFO ] [main] [PostProcessorRegistrationDelegate.java:330] [o.s.c.s.PostProcessorRegistrationDelegate$BeanPostProcessorChecker] - Bean 'org.springframework.transaction.annotation.ProxyTransactionManagementConfiguration' of type [org.springframework.transaction.annotation.ProxyTransactionManagementConfiguration$$EnhancerBySpringCGLIB$$b1598a89] is not eligible for getting processed by all BeanPostProcessors (for example: not eligible for auto-proxying)
[2021-07-15 13:56:19,255] [INFO ] [main] [TomcatWebServer.java:90] [o.s.b.w.e.tomcat.TomcatWebServer] - Tomcat initialized with port(s): 8506 (http)
[2021-07-15 13:56:19,267] [INFO ] [main] [DirectJDKLog.java:173] [o.a.coyote.http11.Http11NioProtocol] - Initializing ProtocolHandler ["http-nio-8506"]
[2021-07-15 13:56:19,275] [INFO ] [main] [DirectJDKLog.java:173] [o.a.catalina.core.StandardService] - Starting service [Tomcat]
[2021-07-15 13:56:19,275] [INFO ] [main] [DirectJDKLog.java:173] [o.a.catalina.core.StandardEngine] - Starting Servlet engine: [Apache Tomcat/9.0.14]
[2021-07-15 13:56:19,281] [INFO ] [main] [DirectJDKLog.java:173] [o.a.c.core.AprLifecycleListener] - The APR based Apache Tomcat Native library which allows optimal performance in production environments was not found on the java.library.path: [D:\java\JDK1.8\jdk1.8.0_51\bin;C:\WINDOWS\Sun\Java\bin;C:\WINDOWS\system32;C:\WINDOWS;C:\ProgramData\Oracle\Java\javapath;E:\soft\Xftp 6\;E:\soft\Xshell6\;C:\Windows\system32;C:\Windows;C:\Windows\System32\Wbem;C:\Windows\System32\WindowsPowerShell\v1.0\;C:\Windows\System32\OpenSSH\;C:\Program Files (x86)\NVIDIA Corporation\PhysX\Common;C:\Program Files\NVIDIA Corporation\NVIDIA NvDLISR;C:\Program Files\Microsoft Network Monitor 3\;E:\soft\java\jdk1.8.0_144\bin;C:\Program Files (x86)\MySQL\MySQL Server 5.5\bin;D:\java\Git\Git\cmd;D:\java\scala-2.11.12\bin;D:\java\scala-2.11.12\jre\bin;;C:\WINDOWS\system32;C:\WINDOWS;C:\WINDOWS\System32\Wbem;C:\WINDOWS\System32\WindowsPowerShell\v1.0\;C:\WINDOWS\System32\OpenSSH\;C:\Users\desu\AppData\Local\Microsoft\WindowsApps;E:\soft\java\jdk1.8.0_144\bin;E:\soft\java\jdk1.8.0_144\jre\bin;D:\java\apache-maven-3.5.0\bin;D:\java\hadoop-2.7.1\bin;;.]
[2021-07-15 13:56:19,528] [INFO ] [main] [DirectJDKLog.java:173] [org.apache.jasper.servlet.TldScanner] - At least one JAR was scanned for TLDs yet contained no TLDs. Enable debug logging for this logger for a complete list of JARs that were scanned but no TLDs were found in them. Skipping unneeded JARs during scanning can improve startup time and JSP compilation time.
[2021-07-15 13:56:19,534] [INFO ] [main] [DirectJDKLog.java:173] [o.a.c.c.C.[Tomcat].[localhost].[/]] - Initializing Spring embedded WebApplicationContext
[2021-07-15 13:56:19,534] [INFO ] [main] [ServletWebServerApplicationContext.java:296] [o.s.web.context.ContextLoader] - Root WebApplicationContext: initialization completed in 1581 ms
[2021-07-15 13:56:19,652] [INFO ] [main] [DruidDataSourceAutoConfigure.java:56] [c.a.d.s.b.a.DruidDataSourceAutoConfigure] - Init DruidDataSource
[2021-07-15 13:56:19,807] [INFO ] [main] [DruidDataSource.java:930] [c.alibaba.druid.pool.DruidDataSource] - {dataSource-1} inited
[2021-07-15 13:56:20,754] [INFO ] [main] [PropertySourcedRequestMappingHandlerMapping.java:69] [s.d.s.w.PropertySourcedRequestMappingHandlerMapping] - Mapped URL path [/v2/api-docs] onto method [public org.springframework.http.ResponseEntity<springfox.documentation.spring.web.json.Json> springfox.documentation.swagger2.web.Swagger2Controller.getDocumentation(java.lang.String,javax.servlet.http.HttpServletRequest)]
[2021-07-15 13:56:20,855] [INFO ] [main] [ExecutorConfigurationSupport.java:171] [o.s.s.c.ThreadPoolTaskExecutor] - Initializing ExecutorService 'applicationTaskExecutor'
[2021-07-15 13:56:20,977] [INFO ] [main] [ExecutorConfigurationSupport.java:171] [o.s.s.c.ThreadPoolTaskScheduler] - Initializing ExecutorService 'taskScheduler'
[2021-07-15 13:56:21,033] [INFO ] [main] [DocumentationPluginsBootstrapper.java:160] [s.d.s.w.p.DocumentationPluginsBootstrapper] - Context refreshed
[2021-07-15 13:56:21,052] [INFO ] [main] [DocumentationPluginsBootstrapper.java:163] [s.d.s.w.p.DocumentationPluginsBootstrapper] - Found 1 custom documentation plugin(s)
[2021-07-15 13:56:21,088] [INFO ] [main] [ApiListingReferenceScanner.java:41] [s.d.s.w.s.ApiListingReferenceScanner] - Scanning for api listing references
[2021-07-15 13:56:21,263] [INFO ] [main] [DirectJDKLog.java:173] [o.a.coyote.http11.Http11NioProtocol] - Starting ProtocolHandler ["http-nio-8506"]
[2021-07-15 13:56:21,293] [INFO ] [main] [TomcatWebServer.java:204] [o.s.b.w.e.tomcat.TomcatWebServer] - Tomcat started on port(s): 8506 (http) with context path ''
[2021-07-15 13:56:21,296] [INFO ] [main] [StartupInfoLogger.java:59] [c.s.b.SpringApplication] - Started SpringApplication in 3.808 seconds (JVM running for 6.392)
[2021-07-15 13:56:49,178] [INFO ] [http-nio-8506-exec-1] [DirectJDKLog.java:173] [o.a.c.c.C.[Tomcat].[localhost].[/]] - Initializing Spring DispatcherServlet 'dispatcherServlet'
[2021-07-15 13:56:49,178] [INFO ] [http-nio-8506-exec-1] [FrameworkServlet.java:524] [o.s.web.servlet.DispatcherServlet] - Initializing Servlet 'dispatcherServlet'
[2021-07-15 13:56:49,186] [INFO ] [http-nio-8506-exec-1] [FrameworkServlet.java:546] [o.s.web.servlet.DispatcherServlet] - Completed initialization in 8 ms
[2021-07-15 14:00:56,338] [ERROR] [http-nio-8506-exec-4] [DirectJDKLog.java:175] [o.a.c.c.C.[.[.[.[dispatcherServlet]] - Servlet.service() for servlet [dispatcherServlet] in context with path [] threw exception [Request processing failed; nested exception is java.lang.IndexOutOfBoundsException: Index: 1, Size: 1] with root cause
java.lang.IndexOutOfBoundsException: Index: 1, Size: 1
	at java.util.ArrayList.rangeCheck(ArrayList.java:653)
	at java.util.ArrayList.get(ArrayList.java:429)
	at com.sgmw.bigDataCompetition.controller.BigDataCompetitionController.upload(BigDataCompetitionController.java:121)
	at sun.reflect.NativeMethodAccessorImpl.invoke0(Native Method)
	at sun.reflect.NativeMethodAccessorImpl.invoke(NativeMethodAccessorImpl.java:62)
	at sun.reflect.DelegatingMethodAccessorImpl.invoke(DelegatingMethodAccessorImpl.java:43)
	at java.lang.reflect.Method.invoke(Method.java:497)
	at org.springframework.web.method.support.InvocableHandlerMethod.doInvoke(InvocableHandlerMethod.java:189)
	at org.springframework.web.method.support.InvocableHandlerMethod.invokeForRequest(InvocableHandlerMethod.java:138)
	at org.springframework.web.servlet.mvc.method.annotation.ServletInvocableHandlerMethod.invokeAndHandle(ServletInvocableHandlerMethod.java:102)
	at org.springframework.web.servlet.mvc.method.annotation.RequestMappingHandlerAdapter.invokeHandlerMethod(RequestMappingHandlerAdapter.java:895)
	at org.springframework.web.servlet.mvc.method.annotation.RequestMappingHandlerAdapter.handleInternal(RequestMappingHandlerAdapter.java:800)
	at org.springframework.web.servlet.mvc.method.AbstractHandlerMethodAdapter.handle(AbstractHandlerMethodAdapter.java:87)
	at org.springframework.web.servlet.DispatcherServlet.doDispatch(DispatcherServlet.java:1038)
	at org.springframework.web.servlet.DispatcherServlet.doService(DispatcherServlet.java:942)
	at org.springframework.web.servlet.FrameworkServlet.processRequest(FrameworkServlet.java:1005)
	at org.springframework.web.servlet.FrameworkServlet.doPost(FrameworkServlet.java:908)
	at javax.servlet.http.HttpServlet.service(HttpServlet.java:660)
	at org.springframework.web.servlet.FrameworkServlet.service(FrameworkServlet.java:882)
	at javax.servlet.http.HttpServlet.service(HttpServlet.java:741)
	at org.apache.catalina.core.ApplicationFilterChain.internalDoFilter(ApplicationFilterChain.java:231)
	at org.apache.catalina.core.ApplicationFilterChain.doFilter(ApplicationFilterChain.java:166)
	at org.apache.tomcat.websocket.server.WsFilter.doFilter(WsFilter.java:53)
	at org.apache.catalina.core.ApplicationFilterChain.internalDoFilter(ApplicationFilterChain.java:193)
	at org.apache.catalina.core.ApplicationFilterChain.doFilter(ApplicationFilterChain.java:166)
	at com.alibaba.druid.support.http.WebStatFilter.doFilter(WebStatFilter.java:123)
	at org.apache.catalina.core.ApplicationFilterChain.internalDoFilter(ApplicationFilterChain.java:193)
	at org.apache.catalina.core.ApplicationFilterChain.doFilter(ApplicationFilterChain.java:166)
	at org.springframework.web.filter.RequestContextFilter.doFilterInternal(RequestContextFilter.java:99)
	at org.springframework.web.filter.OncePerRequestFilter.doFilter(OncePerRequestFilter.java:107)
	at org.apache.catalina.core.ApplicationFilterChain.internalDoFilter(ApplicationFilterChain.java:193)
	at org.apache.catalina.core.ApplicationFilterChain.doFilter(ApplicationFilterChain.java:166)
	at org.springframework.web.filter.FormContentFilter.doFilterInternal(FormContentFilter.java:92)
	at org.springframework.web.filter.OncePerRequestFilter.doFilter(OncePerRequestFilter.java:107)
	at org.apache.catalina.core.ApplicationFilterChain.internalDoFilter(ApplicationFilterChain.java:193)
	at org.apache.catalina.core.ApplicationFilterChain.doFilter(ApplicationFilterChain.java:166)
	at org.springframework.web.filter.HiddenHttpMethodFilter.doFilterInternal(HiddenHttpMethodFilter.java:93)
	at org.springframework.web.filter.OncePerRequestFilter.doFilter(OncePerRequestFilter.java:107)
	at org.apache.catalina.core.ApplicationFilterChain.internalDoFilter(ApplicationFilterChain.java:193)
	at org.apache.catalina.core.ApplicationFilterChain.doFilter(ApplicationFilterChain.java:166)
	at org.springframework.web.filter.CharacterEncodingFilter.doFilterInternal(CharacterEncodingFilter.java:200)
	at org.springframework.web.filter.OncePerRequestFilter.doFilter(OncePerRequestFilter.java:107)
	at org.apache.catalina.core.ApplicationFilterChain.internalDoFilter(ApplicationFilterChain.java:193)
	at org.apache.catalina.core.ApplicationFilterChain.doFilter(ApplicationFilterChain.java:166)
	at org.apache.catalina.core.StandardWrapperValve.invoke(StandardWrapperValve.java:199)
	at org.apache.catalina.core.StandardContextValve.invoke(StandardContextValve.java:96)
	at org.apache.catalina.authenticator.AuthenticatorBase.invoke(AuthenticatorBase.java:490)
	at org.apache.catalina.core.StandardHostValve.invoke(StandardHostValve.java:139)
	at org.apache.catalina.valves.ErrorReportValve.invoke(ErrorReportValve.java:92)
	at org.apache.catalina.core.StandardEngineValve.invoke(StandardEngineValve.java:74)
	at org.apache.catalina.connector.CoyoteAdapter.service(CoyoteAdapter.java:343)
	at org.apache.coyote.http11.Http11Processor.service(Http11Processor.java:408)
	at org.apache.coyote.AbstractProcessorLight.process(AbstractProcessorLight.java:66)
	at org.apache.coyote.AbstractProtocol$ConnectionHandler.process(AbstractProtocol.java:834)
	at org.apache.tomcat.util.net.NioEndpoint$SocketProcessor.doRun(NioEndpoint.java:1417)
	at org.apache.tomcat.util.net.SocketProcessorBase.run(SocketProcessorBase.java:49)
	at java.util.concurrent.ThreadPoolExecutor.runWorker(ThreadPoolExecutor.java:1142)
	at java.util.concurrent.ThreadPoolExecutor$Worker.run(ThreadPoolExecutor.java:617)
	at org.apache.tomcat.util.threads.TaskThread$WrappingRunnable.run(TaskThread.java:61)
	at java.lang.Thread.run(Thread.java:745)
[2021-07-15 14:10:17,753] [ERROR] [http-nio-8506-exec-5] [DirectJDKLog.java:175] [o.a.c.c.C.[.[.[.[dispatcherServlet]] - Servlet.service() for servlet [dispatcherServlet] in context with path [] threw exception [Request processing failed; nested exception is java.lang.IndexOutOfBoundsException: Index: 1, Size: 1] with root cause
java.lang.IndexOutOfBoundsException: Index: 1, Size: 1
	at java.util.ArrayList.rangeCheck(ArrayList.java:653)
	at java.util.ArrayList.get(ArrayList.java:429)
	at com.sgmw.bigDataCompetition.controller.BigDataCompetitionController.upload(BigDataCompetitionController.java:121)
	at sun.reflect.NativeMethodAccessorImpl.invoke0(Native Method)
	at sun.reflect.NativeMethodAccessorImpl.invoke(NativeMethodAccessorImpl.java:62)
	at sun.reflect.DelegatingMethodAccessorImpl.invoke(DelegatingMethodAccessorImpl.java:43)
	at java.lang.reflect.Method.invoke(Method.java:497)
	at org.springframework.web.method.support.InvocableHandlerMethod.doInvoke(InvocableHandlerMethod.java:189)
	at org.springframework.web.method.support.InvocableHandlerMethod.invokeForRequest(InvocableHandlerMethod.java:138)
	at org.springframework.web.servlet.mvc.method.annotation.ServletInvocableHandlerMethod.invokeAndHandle(ServletInvocableHandlerMethod.java:102)
	at org.springframework.web.servlet.mvc.method.annotation.RequestMappingHandlerAdapter.invokeHandlerMethod(RequestMappingHandlerAdapter.java:895)
	at org.springframework.web.servlet.mvc.method.annotation.RequestMappingHandlerAdapter.handleInternal(RequestMappingHandlerAdapter.java:800)
	at org.springframework.web.servlet.mvc.method.AbstractHandlerMethodAdapter.handle(AbstractHandlerMethodAdapter.java:87)
	at org.springframework.web.servlet.DispatcherServlet.doDispatch(DispatcherServlet.java:1038)
	at org.springframework.web.servlet.DispatcherServlet.doService(DispatcherServlet.java:942)
	at org.springframework.web.servlet.FrameworkServlet.processRequest(FrameworkServlet.java:1005)
	at org.springframework.web.servlet.FrameworkServlet.doPost(FrameworkServlet.java:908)
	at javax.servlet.http.HttpServlet.service(HttpServlet.java:660)
	at org.springframework.web.servlet.FrameworkServlet.service(FrameworkServlet.java:882)
	at javax.servlet.http.HttpServlet.service(HttpServlet.java:741)
	at org.apache.catalina.core.ApplicationFilterChain.internalDoFilter(ApplicationFilterChain.java:231)
	at org.apache.catalina.core.ApplicationFilterChain.doFilter(ApplicationFilterChain.java:166)
	at org.apache.tomcat.websocket.server.WsFilter.doFilter(WsFilter.java:53)
	at org.apache.catalina.core.ApplicationFilterChain.internalDoFilter(ApplicationFilterChain.java:193)
	at org.apache.catalina.core.ApplicationFilterChain.doFilter(ApplicationFilterChain.java:166)
	at com.alibaba.druid.support.http.WebStatFilter.doFilter(WebStatFilter.java:123)
	at org.apache.catalina.core.ApplicationFilterChain.internalDoFilter(ApplicationFilterChain.java:193)
	at org.apache.catalina.core.ApplicationFilterChain.doFilter(ApplicationFilterChain.java:166)
	at org.springframework.web.filter.RequestContextFilter.doFilterInternal(RequestContextFilter.java:99)
	at org.springframework.web.filter.OncePerRequestFilter.doFilter(OncePerRequestFilter.java:107)
	at org.apache.catalina.core.ApplicationFilterChain.internalDoFilter(ApplicationFilterChain.java:193)
	at org.apache.catalina.core.ApplicationFilterChain.doFilter(ApplicationFilterChain.java:166)
	at org.springframework.web.filter.FormContentFilter.doFilterInternal(FormContentFilter.java:92)
	at org.springframework.web.filter.OncePerRequestFilter.doFilter(OncePerRequestFilter.java:107)
	at org.apache.catalina.core.ApplicationFilterChain.internalDoFilter(ApplicationFilterChain.java:193)
	at org.apache.catalina.core.ApplicationFilterChain.doFilter(ApplicationFilterChain.java:166)
	at org.springframework.web.filter.HiddenHttpMethodFilter.doFilterInternal(HiddenHttpMethodFilter.java:93)
	at org.springframework.web.filter.OncePerRequestFilter.doFilter(OncePerRequestFilter.java:107)
	at org.apache.catalina.core.ApplicationFilterChain.internalDoFilter(ApplicationFilterChain.java:193)
	at org.apache.catalina.core.ApplicationFilterChain.doFilter(ApplicationFilterChain.java:166)
	at org.springframework.web.filter.CharacterEncodingFilter.doFilterInternal(CharacterEncodingFilter.java:200)
	at org.springframework.web.filter.OncePerRequestFilter.doFilter(OncePerRequestFilter.java:107)
	at org.apache.catalina.core.ApplicationFilterChain.internalDoFilter(ApplicationFilterChain.java:193)
	at org.apache.catalina.core.ApplicationFilterChain.doFilter(ApplicationFilterChain.java:166)
	at org.apache.catalina.core.StandardWrapperValve.invoke(StandardWrapperValve.java:199)
	at org.apache.catalina.core.StandardContextValve.invoke(StandardContextValve.java:96)
	at org.apache.catalina.authenticator.AuthenticatorBase.invoke(AuthenticatorBase.java:490)
	at org.apache.catalina.core.StandardHostValve.invoke(StandardHostValve.java:139)
	at org.apache.catalina.valves.ErrorReportValve.invoke(ErrorReportValve.java:92)
	at org.apache.catalina.core.StandardEngineValve.invoke(StandardEngineValve.java:74)
	at org.apache.catalina.connector.CoyoteAdapter.service(CoyoteAdapter.java:343)
	at org.apache.coyote.http11.Http11Processor.service(Http11Processor.java:408)
	at org.apache.coyote.AbstractProcessorLight.process(AbstractProcessorLight.java:66)
	at org.apache.coyote.AbstractProtocol$ConnectionHandler.process(AbstractProtocol.java:834)
	at org.apache.tomcat.util.net.NioEndpoint$SocketProcessor.doRun(NioEndpoint.java:1417)
	at org.apache.tomcat.util.net.SocketProcessorBase.run(SocketProcessorBase.java:49)
	at java.util.concurrent.ThreadPoolExecutor.runWorker(ThreadPoolExecutor.java:1142)
	at java.util.concurrent.ThreadPoolExecutor$Worker.run(ThreadPoolExecutor.java:617)
	at org.apache.tomcat.util.threads.TaskThread$WrappingRunnable.run(TaskThread.java:61)
	at java.lang.Thread.run(Thread.java:745)
[2021-07-15 14:10:17,827] [INFO ] [Thread-9] [ExecutorConfigurationSupport.java:208] [o.s.s.c.ThreadPoolTaskScheduler] - Shutting down ExecutorService 'taskScheduler'
[2021-07-15 14:10:17,829] [INFO ] [Thread-9] [ExecutorConfigurationSupport.java:208] [o.s.s.c.ThreadPoolTaskExecutor] - Shutting down ExecutorService 'applicationTaskExecutor'
[2021-07-15 14:10:17,834] [INFO ] [Thread-9] [DruidDataSource.java:1825] [c.alibaba.druid.pool.DruidDataSource] - {dataSource-1} closed
[2021-07-15 14:10:25,608] [INFO ] [main] [StartupInfoLogger.java:50] [c.s.b.SpringApplication] - Starting SpringApplication on LAPTOP-BMFDIME7 with PID 42584 (D:\sgmw\git_repo\bigDataCompetition\target\classes started by desu in D:\sgmw\git_repo\bigDataCompetition)
[2021-07-15 14:10:25,611] [INFO ] [main] [SpringApplication.java:675] [c.s.b.SpringApplication] - No active profile set, falling back to default profiles: default
[2021-07-15 14:10:26,610] [INFO ] [main] [PostProcessorRegistrationDelegate.java:330] [o.s.c.s.PostProcessorRegistrationDelegate$BeanPostProcessorChecker] - Bean 'org.springframework.transaction.annotation.ProxyTransactionManagementConfiguration' of type [org.springframework.transaction.annotation.ProxyTransactionManagementConfiguration$$EnhancerBySpringCGLIB$$dca1e0e6] is not eligible for getting processed by all BeanPostProcessors (for example: not eligible for auto-proxying)
[2021-07-15 14:10:26,889] [INFO ] [main] [TomcatWebServer.java:90] [o.s.b.w.e.tomcat.TomcatWebServer] - Tomcat initialized with port(s): 8506 (http)
[2021-07-15 14:10:26,901] [INFO ] [main] [DirectJDKLog.java:173] [o.a.coyote.http11.Http11NioProtocol] - Initializing ProtocolHandler ["http-nio-8506"]
[2021-07-15 14:10:26,909] [INFO ] [main] [DirectJDKLog.java:173] [o.a.catalina.core.StandardService] - Starting service [Tomcat]
[2021-07-15 14:10:26,909] [INFO ] [main] [DirectJDKLog.java:173] [o.a.catalina.core.StandardEngine] - Starting Servlet engine: [Apache Tomcat/9.0.14]
[2021-07-15 14:10:26,915] [INFO ] [main] [DirectJDKLog.java:173] [o.a.c.core.AprLifecycleListener] - The APR based Apache Tomcat Native library which allows optimal performance in production environments was not found on the java.library.path: [D:\java\JDK1.8\jdk1.8.0_51\bin;C:\WINDOWS\Sun\Java\bin;C:\WINDOWS\system32;C:\WINDOWS;C:\ProgramData\Oracle\Java\javapath;E:\soft\Xftp 6\;E:\soft\Xshell6\;C:\Windows\system32;C:\Windows;C:\Windows\System32\Wbem;C:\Windows\System32\WindowsPowerShell\v1.0\;C:\Windows\System32\OpenSSH\;C:\Program Files (x86)\NVIDIA Corporation\PhysX\Common;C:\Program Files\NVIDIA Corporation\NVIDIA NvDLISR;C:\Program Files\Microsoft Network Monitor 3\;E:\soft\java\jdk1.8.0_144\bin;C:\Program Files (x86)\MySQL\MySQL Server 5.5\bin;D:\java\Git\Git\cmd;D:\java\scala-2.11.12\bin;D:\java\scala-2.11.12\jre\bin;;C:\WINDOWS\system32;C:\WINDOWS;C:\WINDOWS\System32\Wbem;C:\WINDOWS\System32\WindowsPowerShell\v1.0\;C:\WINDOWS\System32\OpenSSH\;C:\Users\desu\AppData\Local\Microsoft\WindowsApps;E:\soft\java\jdk1.8.0_144\bin;E:\soft\java\jdk1.8.0_144\jre\bin;D:\java\apache-maven-3.5.0\bin;D:\java\hadoop-2.7.1\bin;;.]
[2021-07-15 14:10:27,171] [INFO ] [main] [DirectJDKLog.java:173] [org.apache.jasper.servlet.TldScanner] - At least one JAR was scanned for TLDs yet contained no TLDs. Enable debug logging for this logger for a complete list of JARs that were scanned but no TLDs were found in them. Skipping unneeded JARs during scanning can improve startup time and JSP compilation time.
[2021-07-15 14:10:27,178] [INFO ] [main] [DirectJDKLog.java:173] [o.a.c.c.C.[Tomcat].[localhost].[/]] - Initializing Spring embedded WebApplicationContext
[2021-07-15 14:10:27,178] [INFO ] [main] [ServletWebServerApplicationContext.java:296] [o.s.web.context.ContextLoader] - Root WebApplicationContext: initialization completed in 1521 ms
[2021-07-15 14:10:27,300] [INFO ] [main] [DruidDataSourceAutoConfigure.java:56] [c.a.d.s.b.a.DruidDataSourceAutoConfigure] - Init DruidDataSource
[2021-07-15 14:10:27,453] [INFO ] [main] [DruidDataSource.java:930] [c.alibaba.druid.pool.DruidDataSource] - {dataSource-1} inited
[2021-07-15 14:10:28,297] [INFO ] [main] [PropertySourcedRequestMappingHandlerMapping.java:69] [s.d.s.w.PropertySourcedRequestMappingHandlerMapping] - Mapped URL path [/v2/api-docs] onto method [public org.springframework.http.ResponseEntity<springfox.documentation.spring.web.json.Json> springfox.documentation.swagger2.web.Swagger2Controller.getDocumentation(java.lang.String,javax.servlet.http.HttpServletRequest)]
[2021-07-15 14:10:28,398] [INFO ] [main] [ExecutorConfigurationSupport.java:171] [o.s.s.c.ThreadPoolTaskExecutor] - Initializing ExecutorService 'applicationTaskExecutor'
[2021-07-15 14:10:28,521] [INFO ] [main] [ExecutorConfigurationSupport.java:171] [o.s.s.c.ThreadPoolTaskScheduler] - Initializing ExecutorService 'taskScheduler'
[2021-07-15 14:10:28,569] [INFO ] [main] [DocumentationPluginsBootstrapper.java:160] [s.d.s.w.p.DocumentationPluginsBootstrapper] - Context refreshed
[2021-07-15 14:10:28,584] [INFO ] [main] [DocumentationPluginsBootstrapper.java:163] [s.d.s.w.p.DocumentationPluginsBootstrapper] - Found 1 custom documentation plugin(s)
[2021-07-15 14:10:28,612] [INFO ] [main] [ApiListingReferenceScanner.java:41] [s.d.s.w.s.ApiListingReferenceScanner] - Scanning for api listing references
[2021-07-15 14:10:28,777] [INFO ] [main] [DirectJDKLog.java:173] [o.a.coyote.http11.Http11NioProtocol] - Starting ProtocolHandler ["http-nio-8506"]
[2021-07-15 14:10:28,809] [INFO ] [main] [TomcatWebServer.java:204] [o.s.b.w.e.tomcat.TomcatWebServer] - Tomcat started on port(s): 8506 (http) with context path ''
[2021-07-15 14:10:28,812] [INFO ] [main] [StartupInfoLogger.java:59] [c.s.b.SpringApplication] - Started SpringApplication in 3.626 seconds (JVM running for 5.68)
[2021-07-15 14:10:53,595] [INFO ] [http-nio-8506-exec-1] [DirectJDKLog.java:173] [o.a.c.c.C.[Tomcat].[localhost].[/]] - Initializing Spring DispatcherServlet 'dispatcherServlet'
[2021-07-15 14:10:53,596] [INFO ] [http-nio-8506-exec-1] [FrameworkServlet.java:524] [o.s.web.servlet.DispatcherServlet] - Initializing Servlet 'dispatcherServlet'
[2021-07-15 14:10:53,605] [INFO ] [http-nio-8506-exec-1] [FrameworkServlet.java:546] [o.s.web.servlet.DispatcherServlet] - Completed initialization in 9 ms
[2021-07-15 14:13:26,205] [INFO ] [Thread-9] [ExecutorConfigurationSupport.java:208] [o.s.s.c.ThreadPoolTaskScheduler] - Shutting down ExecutorService 'taskScheduler'
[2021-07-15 14:13:26,206] [INFO ] [Thread-9] [ExecutorConfigurationSupport.java:208] [o.s.s.c.ThreadPoolTaskExecutor] - Shutting down ExecutorService 'applicationTaskExecutor'
[2021-07-15 14:13:26,210] [INFO ] [Thread-9] [DruidDataSource.java:1825] [c.alibaba.druid.pool.DruidDataSource] - {dataSource-1} closed
