[2021-11-17 10:28:45,739] [INFO ] [main] [StartupInfoLogger.java:50] [faultstatistic.test.AppTest] - Starting AppTest on LAPTOP-KKEOH94H with PID 34152 (started by xianglongxiang in F:\code\java\bigDataCompetition)
[2021-11-17 10:28:45,741] [INFO ] [main] [SpringApplication.java:675] [faultstatistic.test.AppTest] - No active profile set, falling back to default profiles: default
[2021-11-17 10:28:48,946] [INFO ] [main] [PostProcessorRegistrationDelegate.java:330] [o.s.c.s.PostProcessorRegistrationDelegate$BeanPostProcessorChecker] - Bean 'org.springframework.transaction.annotation.ProxyTransactionManagementConfiguration' of type [org.springframework.transaction.annotation.ProxyTransactionManagementConfiguration$$EnhancerBySpringCGLIB$$4e350b63] is not eligible for getting processed by all BeanPostProcessors (for example: not eligible for auto-proxying)
[2021-11-17 10:28:49,129] [INFO ] [main] [DruidDataSourceAutoConfigure.java:56] [c.a.d.s.b.a.DruidDataSourceAutoConfigure] - Init DruidDataSource
[2021-11-17 10:28:49,530] [INFO ] [main] [DruidDataSource.java:930] [c.alibaba.druid.pool.DruidDataSource] - {dataSource-1} inited
[2021-11-17 10:28:51,077] [INFO ] [main] [PropertySourcedRequestMappingHandlerMapping.java:69] [s.d.s.w.PropertySourcedRequestMappingHandlerMapping] - Mapped URL path [/v2/api-docs] onto method [public org.springframework.http.ResponseEntity<springfox.documentation.spring.web.json.Json> springfox.documentation.swagger2.web.Swagger2Controller.getDocumentation(java.lang.String,javax.servlet.http.HttpServletRequest)]
[2021-11-17 10:28:51,533] [INFO ] [main] [ExecutorConfigurationSupport.java:171] [o.s.s.c.ThreadPoolTaskExecutor] - Initializing ExecutorService 'applicationTaskExecutor'
[2021-11-17 10:28:51,846] [INFO ] [main] [ExecutorConfigurationSupport.java:171] [o.s.s.c.ThreadPoolTaskScheduler] - Initializing ExecutorService 'taskScheduler'
[2021-11-17 10:28:51,932] [INFO ] [main] [DocumentationPluginsBootstrapper.java:160] [s.d.s.w.p.DocumentationPluginsBootstrapper] - Context refreshed
[2021-11-17 10:28:51,959] [INFO ] [main] [DocumentationPluginsBootstrapper.java:163] [s.d.s.w.p.DocumentationPluginsBootstrapper] - Found 1 custom documentation plugin(s)
[2021-11-17 10:28:52,035] [INFO ] [main] [ApiListingReferenceScanner.java:41] [s.d.s.w.s.ApiListingReferenceScanner] - Scanning for api listing references
[2021-11-17 10:28:52,234] [INFO ] [main] [StartupInfoLogger.java:59] [faultstatistic.test.AppTest] - Started AppTest in 7.429 seconds (JVM running for 10.675)
[2021-11-17 10:28:53,474] [INFO ] [Thread-2] [ExecutorConfigurationSupport.java:208] [o.s.s.c.ThreadPoolTaskScheduler] - Shutting down ExecutorService 'taskScheduler'
[2021-11-17 10:28:53,475] [INFO ] [Thread-2] [ExecutorConfigurationSupport.java:208] [o.s.s.c.ThreadPoolTaskExecutor] - Shutting down ExecutorService 'applicationTaskExecutor'
[2021-11-17 10:28:53,480] [INFO ] [Thread-2] [DruidDataSource.java:1825] [c.alibaba.druid.pool.DruidDataSource] - {dataSource-1} closed
[2021-11-17 10:29:22,158] [INFO ] [main] [StartupInfoLogger.java:50] [c.s.b.SpringApplication] - Starting SpringApplication on LAPTOP-KKEOH94H with PID 28688 (F:\code\java\bigDataCompetition\target\classes started by xianglongxiang in F:\code\java\bigDataCompetition)
[2021-11-17 10:29:22,161] [INFO ] [main] [SpringApplication.java:675] [c.s.b.SpringApplication] - No active profile set, falling back to default profiles: default
[2021-11-17 10:29:23,262] [INFO ] [main] [PostProcessorRegistrationDelegate.java:330] [o.s.c.s.PostProcessorRegistrationDelegate$BeanPostProcessorChecker] - Bean 'org.springframework.transaction.annotation.ProxyTransactionManagementConfiguration' of type [org.springframework.transaction.annotation.ProxyTransactionManagementConfiguration$$EnhancerBySpringCGLIB$$b2e1bffe] is not eligible for getting processed by all BeanPostProcessors (for example: not eligible for auto-proxying)
[2021-11-17 10:29:23,742] [INFO ] [main] [TomcatWebServer.java:90] [o.s.b.w.e.tomcat.TomcatWebServer] - Tomcat initialized with port(s): 8506 (http)
[2021-11-17 10:29:23,759] [INFO ] [main] [DirectJDKLog.java:173] [o.a.coyote.http11.Http11NioProtocol] - Initializing ProtocolHandler ["http-nio-8506"]
[2021-11-17 10:29:23,769] [INFO ] [main] [DirectJDKLog.java:173] [o.a.catalina.core.StandardService] - Starting service [Tomcat]
[2021-11-17 10:29:23,769] [INFO ] [main] [DirectJDKLog.java:173] [o.a.catalina.core.StandardEngine] - Starting Servlet engine: [Apache Tomcat/9.0.14]
[2021-11-17 10:29:23,797] [INFO ] [main] [DirectJDKLog.java:173] [o.a.c.core.AprLifecycleListener] - The APR based Apache Tomcat Native library which allows optimal performance in production environments was not found on the java.library.path: [F:\java\jdk8.0\bin;C:\Windows\Sun\Java\bin;C:\Windows\system32;C:\Windows;C:\Program Files (x86)\Common Files\Oracle\Java\javapath;F:\java\jdk8.0\bin;F:\java\jdk8.0\jre\bin;C:\Windows\system32;C:\Windows;C:\Windows\System32\Wbem;C:\Windows\System32\WindowsPowerShell\v1.0\;C:\Windows\System32\OpenSSH\;C:\Program Files (x86)\NVIDIA Corporation\PhysX\Common;C:\Program Files\NVIDIA Corporation\NVIDIA NvDLISR;F:\MySQL Server 6.0\bin;F:\MySQL\bin;C:\Program Files\Microsoft VS Code\bin;C:\Program Files\MySQL\MySQL Shell 8.0\bin\;F:\Anaconda3;F:\Anaconda3\Library\mingw-w64\bin;F:\Anaconda3\Library\usr\bin;F:\Anaconda3\Library\bin;F:\Anaconda3\Scripts;C:\Users\xianglongxiang\AppData\Local\Microsoft\WindowsApps;F:\PyCharm\PyCharm Community Edition 2019.3.5\bin;;F:\python;E:\Bandizip\;F:\python3.8;;.]
[2021-11-17 10:29:24,313] [INFO ] [main] [DirectJDKLog.java:173] [org.apache.jasper.servlet.TldScanner] - At least one JAR was scanned for TLDs yet contained no TLDs. Enable debug logging for this logger for a complete list of JARs that were scanned but no TLDs were found in them. Skipping unneeded JARs during scanning can improve startup time and JSP compilation time.
[2021-11-17 10:29:24,342] [INFO ] [main] [DirectJDKLog.java:173] [o.a.c.c.C.[Tomcat].[localhost].[/]] - Initializing Spring embedded WebApplicationContext
[2021-11-17 10:29:24,342] [INFO ] [main] [ServletWebServerApplicationContext.java:296] [o.s.web.context.ContextLoader] - Root WebApplicationContext: initialization completed in 2135 ms
[2021-11-17 10:29:24,491] [INFO ] [main] [DruidDataSourceAutoConfigure.java:56] [c.a.d.s.b.a.DruidDataSourceAutoConfigure] - Init DruidDataSource
[2021-11-17 10:29:24,639] [INFO ] [main] [DruidDataSource.java:930] [c.alibaba.druid.pool.DruidDataSource] - {dataSource-1} inited
[2021-11-17 10:29:25,046] [INFO ] [main] [PropertySourcedRequestMappingHandlerMapping.java:69] [s.d.s.w.PropertySourcedRequestMappingHandlerMapping] - Mapped URL path [/v2/api-docs] onto method [public org.springframework.http.ResponseEntity<springfox.documentation.spring.web.json.Json> springfox.documentation.swagger2.web.Swagger2Controller.getDocumentation(java.lang.String,javax.servlet.http.HttpServletRequest)]
[2021-11-17 10:29:25,120] [INFO ] [main] [ExecutorConfigurationSupport.java:171] [o.s.s.c.ThreadPoolTaskExecutor] - Initializing ExecutorService 'applicationTaskExecutor'
[2021-11-17 10:29:25,244] [INFO ] [main] [ExecutorConfigurationSupport.java:171] [o.s.s.c.ThreadPoolTaskScheduler] - Initializing ExecutorService 'taskScheduler'
[2021-11-17 10:29:25,282] [INFO ] [main] [DocumentationPluginsBootstrapper.java:160] [s.d.s.w.p.DocumentationPluginsBootstrapper] - Context refreshed
[2021-11-17 10:29:25,294] [INFO ] [main] [DocumentationPluginsBootstrapper.java:163] [s.d.s.w.p.DocumentationPluginsBootstrapper] - Found 1 custom documentation plugin(s)
[2021-11-17 10:29:25,315] [INFO ] [main] [ApiListingReferenceScanner.java:41] [s.d.s.w.s.ApiListingReferenceScanner] - Scanning for api listing references
[2021-11-17 10:29:25,429] [INFO ] [main] [DirectJDKLog.java:173] [o.a.coyote.http11.Http11NioProtocol] - Starting ProtocolHandler ["http-nio-8506"]
[2021-11-17 10:29:25,458] [INFO ] [main] [TomcatWebServer.java:204] [o.s.b.w.e.tomcat.TomcatWebServer] - Tomcat started on port(s): 8506 (http) with context path ''
[2021-11-17 10:29:25,460] [INFO ] [main] [StartupInfoLogger.java:59] [c.s.b.SpringApplication] - Started SpringApplication in 3.758 seconds (JVM running for 4.895)
[2021-11-17 10:30:00,829] [INFO ] [http-nio-8506-exec-1] [DirectJDKLog.java:173] [o.a.c.c.C.[Tomcat].[localhost].[/]] - Initializing Spring DispatcherServlet 'dispatcherServlet'
[2021-11-17 10:30:00,829] [INFO ] [http-nio-8506-exec-1] [FrameworkServlet.java:524] [o.s.web.servlet.DispatcherServlet] - Initializing Servlet 'dispatcherServlet'
[2021-11-17 10:30:00,834] [INFO ] [http-nio-8506-exec-1] [FrameworkServlet.java:546] [o.s.web.servlet.DispatcherServlet] - Completed initialization in 5 ms
[2021-11-17 10:30:15,850] [WARN ] [http-nio-8506-exec-2] [AbstractHandlerExceptionResolver.java:194] [o.s.w.s.m.s.DefaultHandlerExceptionResolver] - Resolved [org.springframework.web.bind.MissingServletRequestParameterException: Required String parameter 'url' is not present]
[2021-11-17 10:30:48,304] [WARN ] [http-nio-8506-exec-3] [AbstractHandlerExceptionResolver.java:194] [o.s.w.s.m.s.DefaultHandlerExceptionResolver] - Resolved [org.springframework.web.HttpRequestMethodNotSupportedException: Request method 'GET' not supported]
