[2021-11-15 09:31:52,814] [INFO ] [main] [StartupInfoLogger.java:50] [c.s.b.SpringApplication] - Starting SpringApplication on LAPTOP-KKEOH94H with PID 23428 (F:\code\java\bigDataCompetition\target\classes started by xianglongxiang in F:\code\java\bigDataCompetition)
[2021-11-15 09:31:52,818] [INFO ] [main] [SpringApplication.java:675] [c.s.b.SpringApplication] - No active profile set, falling back to default profiles: default
[2021-11-15 09:31:56,821] [INFO ] [main] [PostProcessorRegistrationDelegate.java:330] [o.s.c.s.PostProcessorRegistrationDelegate$BeanPostProcessorChecker] - Bean 'org.springframework.transaction.annotation.ProxyTransactionManagementConfiguration' of type [org.springframework.transaction.annotation.ProxyTransactionManagementConfiguration$$EnhancerBySpringCGLIB$$893dc7bc] is not eligible for getting processed by all BeanPostProcessors (for example: not eligible for auto-proxying)
[2021-11-15 09:31:57,376] [INFO ] [main] [TomcatWebServer.java:90] [o.s.b.w.e.tomcat.TomcatWebServer] - Tomcat initialized with port(s): 8506 (http)
[2021-11-15 09:31:57,397] [INFO ] [main] [DirectJDKLog.java:173] [o.a.coyote.http11.Http11NioProtocol] - Initializing ProtocolHandler ["http-nio-8506"]
[2021-11-15 09:31:57,408] [INFO ] [main] [DirectJDKLog.java:173] [o.a.catalina.core.StandardService] - Starting service [Tomcat]
[2021-11-15 09:31:57,408] [INFO ] [main] [DirectJDKLog.java:173] [o.a.catalina.core.StandardEngine] - Starting Servlet engine: [Apache Tomcat/9.0.14]
[2021-11-15 09:31:57,416] [INFO ] [main] [DirectJDKLog.java:173] [o.a.c.core.AprLifecycleListener] - The APR based Apache Tomcat Native library which allows optimal performance in production environments was not found on the java.library.path: [F:\java\jdk8.0\bin;C:\Windows\Sun\Java\bin;C:\Windows\system32;C:\Windows;C:\Program Files (x86)\Common Files\Oracle\Java\javapath;F:\java\jdk8.0\bin;F:\java\jdk8.0\jre\bin;C:\Windows\system32;C:\Windows;C:\Windows\System32\Wbem;C:\Windows\System32\WindowsPowerShell\v1.0\;C:\Windows\System32\OpenSSH\;C:\Program Files (x86)\NVIDIA Corporation\PhysX\Common;C:\Program Files\NVIDIA Corporation\NVIDIA NvDLISR;F:\MySQL Server 6.0\bin;F:\MySQL\bin;C:\Program Files\Microsoft VS Code\bin;C:\Program Files\MySQL\MySQL Shell 8.0\bin\;F:\Anaconda3;F:\Anaconda3\Library\mingw-w64\bin;F:\Anaconda3\Library\usr\bin;F:\Anaconda3\Library\bin;F:\Anaconda3\Scripts;C:\Users\xianglongxiang\AppData\Local\Microsoft\WindowsApps;F:\PyCharm\PyCharm Community Edition 2019.3.5\bin;;F:\python;E:\Bandizip\;F:\python3.8;;.]
[2021-11-15 09:31:57,934] [INFO ] [main] [DirectJDKLog.java:173] [org.apache.jasper.servlet.TldScanner] - At least one JAR was scanned for TLDs yet contained no TLDs. Enable debug logging for this logger for a complete list of JARs that were scanned but no TLDs were found in them. Skipping unneeded JARs during scanning can improve startup time and JSP compilation time.
[2021-11-15 09:31:57,944] [INFO ] [main] [DirectJDKLog.java:173] [o.a.c.c.C.[Tomcat].[localhost].[/]] - Initializing Spring embedded WebApplicationContext
[2021-11-15 09:31:57,945] [INFO ] [main] [ServletWebServerApplicationContext.java:296] [o.s.web.context.ContextLoader] - Root WebApplicationContext: initialization completed in 4804 ms
[2021-11-15 09:31:58,299] [INFO ] [main] [DruidDataSourceAutoConfigure.java:56] [c.a.d.s.b.a.DruidDataSourceAutoConfigure] - Init DruidDataSource
[2021-11-15 09:31:58,630] [INFO ] [main] [DruidDataSource.java:930] [c.alibaba.druid.pool.DruidDataSource] - {dataSource-1} inited
[2021-11-15 09:32:00,553] [INFO ] [main] [PropertySourcedRequestMappingHandlerMapping.java:69] [s.d.s.w.PropertySourcedRequestMappingHandlerMapping] - Mapped URL path [/v2/api-docs] onto method [public org.springframework.http.ResponseEntity<springfox.documentation.spring.web.json.Json> springfox.documentation.swagger2.web.Swagger2Controller.getDocumentation(java.lang.String,javax.servlet.http.HttpServletRequest)]
[2021-11-15 09:32:00,698] [INFO ] [main] [ExecutorConfigurationSupport.java:171] [o.s.s.c.ThreadPoolTaskExecutor] - Initializing ExecutorService 'applicationTaskExecutor'
[2021-11-15 09:32:00,924] [INFO ] [main] [ExecutorConfigurationSupport.java:171] [o.s.s.c.ThreadPoolTaskScheduler] - Initializing ExecutorService 'taskScheduler'
[2021-11-15 09:32:00,978] [INFO ] [main] [DocumentationPluginsBootstrapper.java:160] [s.d.s.w.p.DocumentationPluginsBootstrapper] - Context refreshed
[2021-11-15 09:32:00,999] [INFO ] [main] [DocumentationPluginsBootstrapper.java:163] [s.d.s.w.p.DocumentationPluginsBootstrapper] - Found 1 custom documentation plugin(s)
[2021-11-15 09:32:01,057] [INFO ] [main] [ApiListingReferenceScanner.java:41] [s.d.s.w.s.ApiListingReferenceScanner] - Scanning for api listing references
[2021-11-15 09:32:01,252] [INFO ] [main] [DirectJDKLog.java:173] [o.a.coyote.http11.Http11NioProtocol] - Starting ProtocolHandler ["http-nio-8506"]
[2021-11-15 09:32:01,290] [INFO ] [main] [TomcatWebServer.java:204] [o.s.b.w.e.tomcat.TomcatWebServer] - Tomcat started on port(s): 8506 (http) with context path ''
[2021-11-15 09:32:01,293] [INFO ] [main] [StartupInfoLogger.java:59] [c.s.b.SpringApplication] - Started SpringApplication in 10.185 seconds (JVM running for 12.341)
[2021-11-15 09:32:27,571] [INFO ] [http-nio-8506-exec-1] [DirectJDKLog.java:173] [o.a.c.c.C.[Tomcat].[localhost].[/]] - Initializing Spring DispatcherServlet 'dispatcherServlet'
[2021-11-15 09:32:27,571] [INFO ] [http-nio-8506-exec-1] [FrameworkServlet.java:524] [o.s.web.servlet.DispatcherServlet] - Initializing Servlet 'dispatcherServlet'
[2021-11-15 09:32:27,580] [INFO ] [http-nio-8506-exec-1] [FrameworkServlet.java:546] [o.s.web.servlet.DispatcherServlet] - Completed initialization in 9 ms
[2021-11-15 09:33:50,667] [WARN ] [http-nio-8506-exec-10] [AbstractHandlerExceptionResolver.java:194] [o.s.w.s.m.s.DefaultHandlerExceptionResolver] - Resolved [org.springframework.web.HttpRequestMethodNotSupportedException: Request method 'GET' not supported]
[2021-11-15 09:36:54,540] [WARN ] [http-nio-8506-exec-10] [AbstractHandlerExceptionResolver.java:194] [o.s.w.s.m.s.DefaultHandlerExceptionResolver] - Resolved [org.springframework.web.bind.MissingServletRequestParameterException: Required String parameter 'url' is not present]
[2021-11-15 10:26:41,434] [INFO ] [main] [StartupInfoLogger.java:50] [c.s.b.SpringApplication] - Starting SpringApplication on LAPTOP-KKEOH94H with PID 844 (F:\code\java\bigDataCompetition\target\classes started by xianglongxiang in F:\code\java\bigDataCompetition)
[2021-11-15 10:26:41,438] [INFO ] [main] [SpringApplication.java:675] [c.s.b.SpringApplication] - No active profile set, falling back to default profiles: default
[2021-11-15 10:26:42,440] [INFO ] [main] [PostProcessorRegistrationDelegate.java:330] [o.s.c.s.PostProcessorRegistrationDelegate$BeanPostProcessorChecker] - Bean 'org.springframework.transaction.annotation.ProxyTransactionManagementConfiguration' of type [org.springframework.transaction.annotation.ProxyTransactionManagementConfiguration$$EnhancerBySpringCGLIB$$6dde568e] is not eligible for getting processed by all BeanPostProcessors (for example: not eligible for auto-proxying)
[2021-11-15 10:26:42,690] [INFO ] [main] [TomcatWebServer.java:90] [o.s.b.w.e.tomcat.TomcatWebServer] - Tomcat initialized with port(s): 8506 (http)
[2021-11-15 10:26:42,702] [INFO ] [main] [DirectJDKLog.java:173] [o.a.coyote.http11.Http11NioProtocol] - Initializing ProtocolHandler ["http-nio-8506"]
[2021-11-15 10:26:42,707] [INFO ] [main] [DirectJDKLog.java:173] [o.a.catalina.core.StandardService] - Starting service [Tomcat]
[2021-11-15 10:26:42,708] [INFO ] [main] [DirectJDKLog.java:173] [o.a.catalina.core.StandardEngine] - Starting Servlet engine: [Apache Tomcat/9.0.14]
[2021-11-15 10:26:42,712] [INFO ] [main] [DirectJDKLog.java:173] [o.a.c.core.AprLifecycleListener] - The APR based Apache Tomcat Native library which allows optimal performance in production environments was not found on the java.library.path: [F:\java\jdk8.0\bin;C:\Windows\Sun\Java\bin;C:\Windows\system32;C:\Windows;C:\Program Files (x86)\Common Files\Oracle\Java\javapath;F:\java\jdk8.0\bin;F:\java\jdk8.0\jre\bin;C:\Windows\system32;C:\Windows;C:\Windows\System32\Wbem;C:\Windows\System32\WindowsPowerShell\v1.0\;C:\Windows\System32\OpenSSH\;C:\Program Files (x86)\NVIDIA Corporation\PhysX\Common;C:\Program Files\NVIDIA Corporation\NVIDIA NvDLISR;F:\MySQL Server 6.0\bin;F:\MySQL\bin;C:\Program Files\Microsoft VS Code\bin;C:\Program Files\MySQL\MySQL Shell 8.0\bin\;F:\Anaconda3;F:\Anaconda3\Library\mingw-w64\bin;F:\Anaconda3\Library\usr\bin;F:\Anaconda3\Library\bin;F:\Anaconda3\Scripts;C:\Users\xianglongxiang\AppData\Local\Microsoft\WindowsApps;F:\PyCharm\PyCharm Community Edition 2019.3.5\bin;;F:\python;E:\Bandizip\;F:\python3.8;;.]
[2021-11-15 10:26:42,952] [INFO ] [main] [DirectJDKLog.java:173] [org.apache.jasper.servlet.TldScanner] - At least one JAR was scanned for TLDs yet contained no TLDs. Enable debug logging for this logger for a complete list of JARs that were scanned but no TLDs were found in them. Skipping unneeded JARs during scanning can improve startup time and JSP compilation time.
[2021-11-15 10:26:42,958] [INFO ] [main] [DirectJDKLog.java:173] [o.a.c.c.C.[Tomcat].[localhost].[/]] - Initializing Spring embedded WebApplicationContext
[2021-11-15 10:26:42,958] [INFO ] [main] [ServletWebServerApplicationContext.java:296] [o.s.web.context.ContextLoader] - Root WebApplicationContext: initialization completed in 1477 ms
[2021-11-15 10:26:43,045] [INFO ] [main] [DruidDataSourceAutoConfigure.java:56] [c.a.d.s.b.a.DruidDataSourceAutoConfigure] - Init DruidDataSource
[2021-11-15 10:26:43,193] [INFO ] [main] [DruidDataSource.java:930] [c.alibaba.druid.pool.DruidDataSource] - {dataSource-1} inited
[2021-11-15 10:26:43,638] [INFO ] [main] [PropertySourcedRequestMappingHandlerMapping.java:69] [s.d.s.w.PropertySourcedRequestMappingHandlerMapping] - Mapped URL path [/v2/api-docs] onto method [public org.springframework.http.ResponseEntity<springfox.documentation.spring.web.json.Json> springfox.documentation.swagger2.web.Swagger2Controller.getDocumentation(java.lang.String,javax.servlet.http.HttpServletRequest)]
[2021-11-15 10:26:43,718] [INFO ] [main] [ExecutorConfigurationSupport.java:171] [o.s.s.c.ThreadPoolTaskExecutor] - Initializing ExecutorService 'applicationTaskExecutor'
[2021-11-15 10:26:43,811] [INFO ] [main] [ExecutorConfigurationSupport.java:171] [o.s.s.c.ThreadPoolTaskScheduler] - Initializing ExecutorService 'taskScheduler'
[2021-11-15 10:26:43,853] [INFO ] [main] [DocumentationPluginsBootstrapper.java:160] [s.d.s.w.p.DocumentationPluginsBootstrapper] - Context refreshed
[2021-11-15 10:26:43,866] [INFO ] [main] [DocumentationPluginsBootstrapper.java:163] [s.d.s.w.p.DocumentationPluginsBootstrapper] - Found 1 custom documentation plugin(s)
[2021-11-15 10:26:43,891] [INFO ] [main] [ApiListingReferenceScanner.java:41] [s.d.s.w.s.ApiListingReferenceScanner] - Scanning for api listing references
[2021-11-15 10:26:44,028] [INFO ] [main] [DirectJDKLog.java:173] [o.a.coyote.http11.Http11NioProtocol] - Starting ProtocolHandler ["http-nio-8506"]
[2021-11-15 10:26:44,054] [INFO ] [main] [TomcatWebServer.java:204] [o.s.b.w.e.tomcat.TomcatWebServer] - Tomcat started on port(s): 8506 (http) with context path ''
[2021-11-15 10:26:44,057] [INFO ] [main] [StartupInfoLogger.java:59] [c.s.b.SpringApplication] - Started SpringApplication in 3.007 seconds (JVM running for 3.925)
[2021-11-15 10:27:13,496] [INFO ] [http-nio-8506-exec-1] [DirectJDKLog.java:173] [o.a.c.c.C.[Tomcat].[localhost].[/]] - Initializing Spring DispatcherServlet 'dispatcherServlet'
[2021-11-15 10:27:13,497] [INFO ] [http-nio-8506-exec-1] [FrameworkServlet.java:524] [o.s.web.servlet.DispatcherServlet] - Initializing Servlet 'dispatcherServlet'
[2021-11-15 10:27:13,501] [INFO ] [http-nio-8506-exec-1] [FrameworkServlet.java:546] [o.s.web.servlet.DispatcherServlet] - Completed initialization in 4 ms
[2021-11-15 10:32:29,767] [INFO ] [main] [StartupInfoLogger.java:50] [c.s.b.SpringApplication] - Starting SpringApplication on LAPTOP-KKEOH94H with PID 1628 (F:\code\java\bigDataCompetition\target\classes started by xianglongxiang in F:\code\java\bigDataCompetition)
[2021-11-15 10:32:29,770] [INFO ] [main] [SpringApplication.java:675] [c.s.b.SpringApplication] - No active profile set, falling back to default profiles: default
[2021-11-15 10:32:30,756] [INFO ] [main] [PostProcessorRegistrationDelegate.java:330] [o.s.c.s.PostProcessorRegistrationDelegate$BeanPostProcessorChecker] - Bean 'org.springframework.transaction.annotation.ProxyTransactionManagementConfiguration' of type [org.springframework.transaction.annotation.ProxyTransactionManagementConfiguration$$EnhancerBySpringCGLIB$$df5dc8d3] is not eligible for getting processed by all BeanPostProcessors (for example: not eligible for auto-proxying)
[2021-11-15 10:32:31,001] [INFO ] [main] [TomcatWebServer.java:90] [o.s.b.w.e.tomcat.TomcatWebServer] - Tomcat initialized with port(s): 8506 (http)
[2021-11-15 10:32:31,011] [INFO ] [main] [DirectJDKLog.java:173] [o.a.coyote.http11.Http11NioProtocol] - Initializing ProtocolHandler ["http-nio-8506"]
[2021-11-15 10:32:31,017] [INFO ] [main] [DirectJDKLog.java:173] [o.a.catalina.core.StandardService] - Starting service [Tomcat]
[2021-11-15 10:32:31,017] [INFO ] [main] [DirectJDKLog.java:173] [o.a.catalina.core.StandardEngine] - Starting Servlet engine: [Apache Tomcat/9.0.14]
[2021-11-15 10:32:31,022] [INFO ] [main] [DirectJDKLog.java:173] [o.a.c.core.AprLifecycleListener] - The APR based Apache Tomcat Native library which allows optimal performance in production environments was not found on the java.library.path: [F:\java\jdk8.0\bin;C:\Windows\Sun\Java\bin;C:\Windows\system32;C:\Windows;C:\Program Files (x86)\Common Files\Oracle\Java\javapath;F:\java\jdk8.0\bin;F:\java\jdk8.0\jre\bin;C:\Windows\system32;C:\Windows;C:\Windows\System32\Wbem;C:\Windows\System32\WindowsPowerShell\v1.0\;C:\Windows\System32\OpenSSH\;C:\Program Files (x86)\NVIDIA Corporation\PhysX\Common;C:\Program Files\NVIDIA Corporation\NVIDIA NvDLISR;F:\MySQL Server 6.0\bin;F:\MySQL\bin;C:\Program Files\Microsoft VS Code\bin;C:\Program Files\MySQL\MySQL Shell 8.0\bin\;F:\Anaconda3;F:\Anaconda3\Library\mingw-w64\bin;F:\Anaconda3\Library\usr\bin;F:\Anaconda3\Library\bin;F:\Anaconda3\Scripts;C:\Users\xianglongxiang\AppData\Local\Microsoft\WindowsApps;F:\PyCharm\PyCharm Community Edition 2019.3.5\bin;;F:\python;E:\Bandizip\;F:\python3.8;;.]
[2021-11-15 10:32:31,228] [INFO ] [main] [DirectJDKLog.java:173] [org.apache.jasper.servlet.TldScanner] - At least one JAR was scanned for TLDs yet contained no TLDs. Enable debug logging for this logger for a complete list of JARs that were scanned but no TLDs were found in them. Skipping unneeded JARs during scanning can improve startup time and JSP compilation time.
[2021-11-15 10:32:31,233] [INFO ] [main] [DirectJDKLog.java:173] [o.a.c.c.C.[Tomcat].[localhost].[/]] - Initializing Spring embedded WebApplicationContext
[2021-11-15 10:32:31,233] [INFO ] [main] [ServletWebServerApplicationContext.java:296] [o.s.web.context.ContextLoader] - Root WebApplicationContext: initialization completed in 1421 ms
[2021-11-15 10:32:31,331] [INFO ] [main] [DruidDataSourceAutoConfigure.java:56] [c.a.d.s.b.a.DruidDataSourceAutoConfigure] - Init DruidDataSource
[2021-11-15 10:32:31,470] [INFO ] [main] [DruidDataSource.java:930] [c.alibaba.druid.pool.DruidDataSource] - {dataSource-1} inited
[2021-11-15 10:32:31,873] [INFO ] [main] [PropertySourcedRequestMappingHandlerMapping.java:69] [s.d.s.w.PropertySourcedRequestMappingHandlerMapping] - Mapped URL path [/v2/api-docs] onto method [public org.springframework.http.ResponseEntity<springfox.documentation.spring.web.json.Json> springfox.documentation.swagger2.web.Swagger2Controller.getDocumentation(java.lang.String,javax.servlet.http.HttpServletRequest)]
[2021-11-15 10:32:31,950] [INFO ] [main] [ExecutorConfigurationSupport.java:171] [o.s.s.c.ThreadPoolTaskExecutor] - Initializing ExecutorService 'applicationTaskExecutor'
[2021-11-15 10:32:32,042] [INFO ] [main] [ExecutorConfigurationSupport.java:171] [o.s.s.c.ThreadPoolTaskScheduler] - Initializing ExecutorService 'taskScheduler'
[2021-11-15 10:32:32,086] [INFO ] [main] [DocumentationPluginsBootstrapper.java:160] [s.d.s.w.p.DocumentationPluginsBootstrapper] - Context refreshed
[2021-11-15 10:32:32,097] [INFO ] [main] [DocumentationPluginsBootstrapper.java:163] [s.d.s.w.p.DocumentationPluginsBootstrapper] - Found 1 custom documentation plugin(s)
[2021-11-15 10:32:32,119] [INFO ] [main] [ApiListingReferenceScanner.java:41] [s.d.s.w.s.ApiListingReferenceScanner] - Scanning for api listing references
[2021-11-15 10:32:32,244] [INFO ] [main] [DirectJDKLog.java:173] [o.a.coyote.http11.Http11NioProtocol] - Starting ProtocolHandler ["http-nio-8506"]
[2021-11-15 10:32:32,271] [INFO ] [main] [TomcatWebServer.java:204] [o.s.b.w.e.tomcat.TomcatWebServer] - Tomcat started on port(s): 8506 (http) with context path ''
[2021-11-15 10:32:32,273] [INFO ] [main] [StartupInfoLogger.java:59] [c.s.b.SpringApplication] - Started SpringApplication in 2.82 seconds (JVM running for 3.699)
[2021-11-15 10:32:40,979] [INFO ] [http-nio-8506-exec-1] [DirectJDKLog.java:173] [o.a.c.c.C.[Tomcat].[localhost].[/]] - Initializing Spring DispatcherServlet 'dispatcherServlet'
[2021-11-15 10:32:40,979] [INFO ] [http-nio-8506-exec-1] [FrameworkServlet.java:524] [o.s.web.servlet.DispatcherServlet] - Initializing Servlet 'dispatcherServlet'
[2021-11-15 10:32:40,983] [INFO ] [http-nio-8506-exec-1] [FrameworkServlet.java:546] [o.s.web.servlet.DispatcherServlet] - Completed initialization in 4 ms
[2021-11-15 10:41:51,842] [WARN ] [http-nio-8506-exec-6] [AbstractHandlerExceptionResolver.java:194] [o.s.w.s.m.s.DefaultHandlerExceptionResolver] - Resolved [org.springframework.web.HttpRequestMethodNotSupportedException: Request method 'GET' not supported]
[2021-11-15 14:11:18,889] [INFO ] [main] [StartupInfoLogger.java:50] [faultstatistic.test.AppTest] - Starting AppTest on LAPTOP-KKEOH94H with PID 29656 (started by xianglongxiang in F:\code\java\bigDataCompetition)
[2021-11-15 14:11:18,891] [INFO ] [main] [SpringApplication.java:675] [faultstatistic.test.AppTest] - No active profile set, falling back to default profiles: default
[2021-11-15 14:11:21,104] [INFO ] [main] [PostProcessorRegistrationDelegate.java:330] [o.s.c.s.PostProcessorRegistrationDelegate$BeanPostProcessorChecker] - Bean 'org.springframework.transaction.annotation.ProxyTransactionManagementConfiguration' of type [org.springframework.transaction.annotation.ProxyTransactionManagementConfiguration$$EnhancerBySpringCGLIB$$7ec77375] is not eligible for getting processed by all BeanPostProcessors (for example: not eligible for auto-proxying)
[2021-11-15 14:11:21,235] [INFO ] [main] [DruidDataSourceAutoConfigure.java:56] [c.a.d.s.b.a.DruidDataSourceAutoConfigure] - Init DruidDataSource
[2021-11-15 14:11:21,692] [INFO ] [main] [DruidDataSource.java:930] [c.alibaba.druid.pool.DruidDataSource] - {dataSource-1} inited
[2021-11-15 14:11:22,973] [INFO ] [main] [PropertySourcedRequestMappingHandlerMapping.java:69] [s.d.s.w.PropertySourcedRequestMappingHandlerMapping] - Mapped URL path [/v2/api-docs] onto method [public org.springframework.http.ResponseEntity<springfox.documentation.spring.web.json.Json> springfox.documentation.swagger2.web.Swagger2Controller.getDocumentation(java.lang.String,javax.servlet.http.HttpServletRequest)]
[2021-11-15 14:11:23,468] [INFO ] [main] [ExecutorConfigurationSupport.java:171] [o.s.s.c.ThreadPoolTaskExecutor] - Initializing ExecutorService 'applicationTaskExecutor'
[2021-11-15 14:11:23,780] [INFO ] [main] [ExecutorConfigurationSupport.java:171] [o.s.s.c.ThreadPoolTaskScheduler] - Initializing ExecutorService 'taskScheduler'
[2021-11-15 14:11:23,864] [INFO ] [main] [DocumentationPluginsBootstrapper.java:160] [s.d.s.w.p.DocumentationPluginsBootstrapper] - Context refreshed
[2021-11-15 14:11:23,891] [INFO ] [main] [DocumentationPluginsBootstrapper.java:163] [s.d.s.w.p.DocumentationPluginsBootstrapper] - Found 1 custom documentation plugin(s)
[2021-11-15 14:11:23,990] [INFO ] [main] [ApiListingReferenceScanner.java:41] [s.d.s.w.s.ApiListingReferenceScanner] - Scanning for api listing references
[2021-11-15 14:11:24,226] [INFO ] [main] [StartupInfoLogger.java:59] [faultstatistic.test.AppTest] - Started AppTest in 5.83 seconds (JVM running for 6.871)
[2021-11-15 14:11:25,398] [INFO ] [Thread-2] [ExecutorConfigurationSupport.java:208] [o.s.s.c.ThreadPoolTaskScheduler] - Shutting down ExecutorService 'taskScheduler'
[2021-11-15 14:11:25,400] [INFO ] [Thread-2] [ExecutorConfigurationSupport.java:208] [o.s.s.c.ThreadPoolTaskExecutor] - Shutting down ExecutorService 'applicationTaskExecutor'
[2021-11-15 14:11:25,405] [INFO ] [Thread-2] [DruidDataSource.java:1825] [c.alibaba.druid.pool.DruidDataSource] - {dataSource-1} closed
[2021-11-15 14:14:21,434] [INFO ] [main] [StartupInfoLogger.java:50] [faultstatistic.test.AppTest] - Starting AppTest on LAPTOP-KKEOH94H with PID 26004 (started by xianglongxiang in F:\code\java\bigDataCompetition)
[2021-11-15 14:14:21,438] [INFO ] [main] [SpringApplication.java:675] [faultstatistic.test.AppTest] - No active profile set, falling back to default profiles: default
[2021-11-15 14:14:23,373] [INFO ] [main] [PostProcessorRegistrationDelegate.java:330] [o.s.c.s.PostProcessorRegistrationDelegate$BeanPostProcessorChecker] - Bean 'org.springframework.transaction.annotation.ProxyTransactionManagementConfiguration' of type [org.springframework.transaction.annotation.ProxyTransactionManagementConfiguration$$EnhancerBySpringCGLIB$$7ec77375] is not eligible for getting processed by all BeanPostProcessors (for example: not eligible for auto-proxying)
[2021-11-15 14:14:23,517] [INFO ] [main] [DruidDataSourceAutoConfigure.java:56] [c.a.d.s.b.a.DruidDataSourceAutoConfigure] - Init DruidDataSource
[2021-11-15 14:14:23,710] [INFO ] [main] [DruidDataSource.java:930] [c.alibaba.druid.pool.DruidDataSource] - {dataSource-1} inited
[2021-11-15 14:14:24,773] [INFO ] [main] [PropertySourcedRequestMappingHandlerMapping.java:69] [s.d.s.w.PropertySourcedRequestMappingHandlerMapping] - Mapped URL path [/v2/api-docs] onto method [public org.springframework.http.ResponseEntity<springfox.documentation.spring.web.json.Json> springfox.documentation.swagger2.web.Swagger2Controller.getDocumentation(java.lang.String,javax.servlet.http.HttpServletRequest)]
[2021-11-15 14:14:25,200] [INFO ] [main] [ExecutorConfigurationSupport.java:171] [o.s.s.c.ThreadPoolTaskExecutor] - Initializing ExecutorService 'applicationTaskExecutor'
[2021-11-15 14:14:25,482] [INFO ] [main] [ExecutorConfigurationSupport.java:171] [o.s.s.c.ThreadPoolTaskScheduler] - Initializing ExecutorService 'taskScheduler'
[2021-11-15 14:14:25,571] [INFO ] [main] [DocumentationPluginsBootstrapper.java:160] [s.d.s.w.p.DocumentationPluginsBootstrapper] - Context refreshed
[2021-11-15 14:14:25,596] [INFO ] [main] [DocumentationPluginsBootstrapper.java:163] [s.d.s.w.p.DocumentationPluginsBootstrapper] - Found 1 custom documentation plugin(s)
[2021-11-15 14:14:25,635] [INFO ] [main] [ApiListingReferenceScanner.java:41] [s.d.s.w.s.ApiListingReferenceScanner] - Scanning for api listing references
[2021-11-15 14:14:25,841] [INFO ] [main] [StartupInfoLogger.java:59] [faultstatistic.test.AppTest] - Started AppTest in 4.73 seconds (JVM running for 5.64)
[2021-11-15 14:14:26,167] [INFO ] [Thread-2] [ExecutorConfigurationSupport.java:208] [o.s.s.c.ThreadPoolTaskScheduler] - Shutting down ExecutorService 'taskScheduler'
[2021-11-15 14:14:26,167] [INFO ] [Thread-2] [ExecutorConfigurationSupport.java:208] [o.s.s.c.ThreadPoolTaskExecutor] - Shutting down ExecutorService 'applicationTaskExecutor'
[2021-11-15 14:14:26,173] [INFO ] [Thread-2] [DruidDataSource.java:1825] [c.alibaba.druid.pool.DruidDataSource] - {dataSource-1} closed
[2021-11-15 14:19:57,931] [INFO ] [main] [StartupInfoLogger.java:50] [faultstatistic.test.AppTest] - Starting AppTest on LAPTOP-KKEOH94H with PID 2132 (started by xianglongxiang in F:\code\java\bigDataCompetition)
[2021-11-15 14:19:57,933] [INFO ] [main] [SpringApplication.java:675] [faultstatistic.test.AppTest] - No active profile set, falling back to default profiles: default
[2021-11-15 14:19:59,659] [INFO ] [main] [PostProcessorRegistrationDelegate.java:330] [o.s.c.s.PostProcessorRegistrationDelegate$BeanPostProcessorChecker] - Bean 'org.springframework.transaction.annotation.ProxyTransactionManagementConfiguration' of type [org.springframework.transaction.annotation.ProxyTransactionManagementConfiguration$$EnhancerBySpringCGLIB$$4e350b63] is not eligible for getting processed by all BeanPostProcessors (for example: not eligible for auto-proxying)
[2021-11-15 14:19:59,777] [INFO ] [main] [DruidDataSourceAutoConfigure.java:56] [c.a.d.s.b.a.DruidDataSourceAutoConfigure] - Init DruidDataSource
[2021-11-15 14:19:59,944] [INFO ] [main] [DruidDataSource.java:930] [c.alibaba.druid.pool.DruidDataSource] - {dataSource-1} inited
[2021-11-15 14:20:01,002] [INFO ] [main] [PropertySourcedRequestMappingHandlerMapping.java:69] [s.d.s.w.PropertySourcedRequestMappingHandlerMapping] - Mapped URL path [/v2/api-docs] onto method [public org.springframework.http.ResponseEntity<springfox.documentation.spring.web.json.Json> springfox.documentation.swagger2.web.Swagger2Controller.getDocumentation(java.lang.String,javax.servlet.http.HttpServletRequest)]
[2021-11-15 14:20:01,403] [INFO ] [main] [ExecutorConfigurationSupport.java:171] [o.s.s.c.ThreadPoolTaskExecutor] - Initializing ExecutorService 'applicationTaskExecutor'
[2021-11-15 14:20:01,671] [INFO ] [main] [ExecutorConfigurationSupport.java:171] [o.s.s.c.ThreadPoolTaskScheduler] - Initializing ExecutorService 'taskScheduler'
[2021-11-15 14:20:01,752] [INFO ] [main] [DocumentationPluginsBootstrapper.java:160] [s.d.s.w.p.DocumentationPluginsBootstrapper] - Context refreshed
[2021-11-15 14:20:01,775] [INFO ] [main] [DocumentationPluginsBootstrapper.java:163] [s.d.s.w.p.DocumentationPluginsBootstrapper] - Found 1 custom documentation plugin(s)
[2021-11-15 14:20:01,823] [INFO ] [main] [ApiListingReferenceScanner.java:41] [s.d.s.w.s.ApiListingReferenceScanner] - Scanning for api listing references
[2021-11-15 14:20:02,046] [INFO ] [main] [StartupInfoLogger.java:59] [faultstatistic.test.AppTest] - Started AppTest in 4.473 seconds (JVM running for 5.392)
[2021-11-15 14:20:02,283] [INFO ] [Thread-2] [ExecutorConfigurationSupport.java:208] [o.s.s.c.ThreadPoolTaskScheduler] - Shutting down ExecutorService 'taskScheduler'
[2021-11-15 14:20:02,284] [INFO ] [Thread-2] [ExecutorConfigurationSupport.java:208] [o.s.s.c.ThreadPoolTaskExecutor] - Shutting down ExecutorService 'applicationTaskExecutor'
[2021-11-15 14:20:02,289] [INFO ] [Thread-2] [DruidDataSource.java:1825] [c.alibaba.druid.pool.DruidDataSource] - {dataSource-1} closed
[2021-11-15 14:50:29,461] [WARN ] [http-nio-8506-exec-2] [AbstractHandlerExceptionResolver.java:194] [o.s.w.s.m.s.DefaultHandlerExceptionResolver] - Resolved [org.springframework.http.converter.HttpMessageNotReadableException: Required request body is missing: public com.fantasy.api.common.ApiResponseBuilder$ApiResponse com.sgmw.bigDataCompetition.controller.BigDataCompetitionController.insertSignUpInformation(com.sgmw.bigDataCompetition.dto.SignUpDTO)]
[2021-11-15 16:58:49,055] [INFO ] [main] [StartupInfoLogger.java:50] [c.s.b.SpringApplication] - Starting SpringApplication on LAPTOP-KKEOH94H with PID 30652 (F:\code\java\bigDataCompetition\target\classes started by xianglongxiang in F:\code\java\bigDataCompetition)
[2021-11-15 16:58:49,071] [INFO ] [main] [SpringApplication.java:675] [c.s.b.SpringApplication] - No active profile set, falling back to default profiles: default
[2021-11-15 16:58:51,477] [INFO ] [main] [PostProcessorRegistrationDelegate.java:330] [o.s.c.s.PostProcessorRegistrationDelegate$BeanPostProcessorChecker] - Bean 'org.springframework.transaction.annotation.ProxyTransactionManagementConfiguration' of type [org.springframework.transaction.annotation.ProxyTransactionManagementConfiguration$$EnhancerBySpringCGLIB$$4d6ef751] is not eligible for getting processed by all BeanPostProcessors (for example: not eligible for auto-proxying)
[2021-11-15 16:58:52,122] [INFO ] [main] [TomcatWebServer.java:90] [o.s.b.w.e.tomcat.TomcatWebServer] - Tomcat initialized with port(s): 8506 (http)
[2021-11-15 16:58:52,137] [INFO ] [main] [DirectJDKLog.java:173] [o.a.coyote.http11.Http11NioProtocol] - Initializing ProtocolHandler ["http-nio-8506"]
[2021-11-15 16:58:52,143] [INFO ] [main] [DirectJDKLog.java:173] [o.a.catalina.core.StandardService] - Starting service [Tomcat]
[2021-11-15 16:58:52,144] [INFO ] [main] [DirectJDKLog.java:173] [o.a.catalina.core.StandardEngine] - Starting Servlet engine: [Apache Tomcat/9.0.14]
[2021-11-15 16:58:52,149] [INFO ] [main] [DirectJDKLog.java:173] [o.a.c.core.AprLifecycleListener] - The APR based Apache Tomcat Native library which allows optimal performance in production environments was not found on the java.library.path: [F:\java\jdk8.0\bin;C:\Windows\Sun\Java\bin;C:\Windows\system32;C:\Windows;C:\Program Files (x86)\Common Files\Oracle\Java\javapath;F:\java\jdk8.0\bin;F:\java\jdk8.0\jre\bin;C:\Windows\system32;C:\Windows;C:\Windows\System32\Wbem;C:\Windows\System32\WindowsPowerShell\v1.0\;C:\Windows\System32\OpenSSH\;C:\Program Files (x86)\NVIDIA Corporation\PhysX\Common;C:\Program Files\NVIDIA Corporation\NVIDIA NvDLISR;F:\MySQL Server 6.0\bin;F:\MySQL\bin;C:\Program Files\Microsoft VS Code\bin;C:\Program Files\MySQL\MySQL Shell 8.0\bin\;F:\Anaconda3;F:\Anaconda3\Library\mingw-w64\bin;F:\Anaconda3\Library\usr\bin;F:\Anaconda3\Library\bin;F:\Anaconda3\Scripts;C:\Users\xianglongxiang\AppData\Local\Microsoft\WindowsApps;F:\PyCharm\PyCharm Community Edition 2019.3.5\bin;;F:\python;E:\Bandizip\;F:\python3.8;;.]
[2021-11-15 16:58:52,561] [INFO ] [main] [DirectJDKLog.java:173] [org.apache.jasper.servlet.TldScanner] - At least one JAR was scanned for TLDs yet contained no TLDs. Enable debug logging for this logger for a complete list of JARs that were scanned but no TLDs were found in them. Skipping unneeded JARs during scanning can improve startup time and JSP compilation time.
[2021-11-15 16:58:52,569] [INFO ] [main] [DirectJDKLog.java:173] [o.a.c.c.C.[Tomcat].[localhost].[/]] - Initializing Spring embedded WebApplicationContext
[2021-11-15 16:58:52,570] [INFO ] [main] [ServletWebServerApplicationContext.java:296] [o.s.web.context.ContextLoader] - Root WebApplicationContext: initialization completed in 3366 ms
[2021-11-15 16:58:52,789] [INFO ] [main] [DruidDataSourceAutoConfigure.java:56] [c.a.d.s.b.a.DruidDataSourceAutoConfigure] - Init DruidDataSource
[2021-11-15 16:58:53,094] [INFO ] [main] [DruidDataSource.java:930] [c.alibaba.druid.pool.DruidDataSource] - {dataSource-1} inited
[2021-11-15 16:58:53,705] [INFO ] [main] [PropertySourcedRequestMappingHandlerMapping.java:69] [s.d.s.w.PropertySourcedRequestMappingHandlerMapping] - Mapped URL path [/v2/api-docs] onto method [public org.springframework.http.ResponseEntity<springfox.documentation.spring.web.json.Json> springfox.documentation.swagger2.web.Swagger2Controller.getDocumentation(java.lang.String,javax.servlet.http.HttpServletRequest)]
[2021-11-15 16:58:53,814] [INFO ] [main] [ExecutorConfigurationSupport.java:171] [o.s.s.c.ThreadPoolTaskExecutor] - Initializing ExecutorService 'applicationTaskExecutor'
[2021-11-15 16:58:53,938] [INFO ] [main] [ExecutorConfigurationSupport.java:171] [o.s.s.c.ThreadPoolTaskScheduler] - Initializing ExecutorService 'taskScheduler'
[2021-11-15 16:58:53,976] [INFO ] [main] [DocumentationPluginsBootstrapper.java:160] [s.d.s.w.p.DocumentationPluginsBootstrapper] - Context refreshed
[2021-11-15 16:58:53,994] [INFO ] [main] [DocumentationPluginsBootstrapper.java:163] [s.d.s.w.p.DocumentationPluginsBootstrapper] - Found 1 custom documentation plugin(s)
[2021-11-15 16:58:54,020] [INFO ] [main] [ApiListingReferenceScanner.java:41] [s.d.s.w.s.ApiListingReferenceScanner] - Scanning for api listing references
[2021-11-15 16:58:54,268] [INFO ] [main] [DirectJDKLog.java:173] [o.a.coyote.http11.Http11NioProtocol] - Starting ProtocolHandler ["http-nio-8506"]
[2021-11-15 16:58:54,297] [INFO ] [main] [TomcatWebServer.java:204] [o.s.b.w.e.tomcat.TomcatWebServer] - Tomcat started on port(s): 8506 (http) with context path ''
[2021-11-15 16:58:54,299] [INFO ] [main] [StartupInfoLogger.java:59] [c.s.b.SpringApplication] - Started SpringApplication in 6.134 seconds (JVM running for 7.546)
[2021-11-15 17:02:24,096] [INFO ] [http-nio-8506-exec-1] [DirectJDKLog.java:173] [o.a.c.c.C.[Tomcat].[localhost].[/]] - Initializing Spring DispatcherServlet 'dispatcherServlet'
[2021-11-15 17:02:24,096] [INFO ] [http-nio-8506-exec-1] [FrameworkServlet.java:524] [o.s.web.servlet.DispatcherServlet] - Initializing Servlet 'dispatcherServlet'
[2021-11-15 17:02:24,101] [INFO ] [http-nio-8506-exec-1] [FrameworkServlet.java:546] [o.s.web.servlet.DispatcherServlet] - Completed initialization in 5 ms
