[2021-11-14 22:27:07,844] [INFO ] [main] [StartupInfoLogger.java:50] [c.s.b.SpringApplication] - Starting SpringApplication on LAPTOP-KKEOH94H with PID 23840 (F:\code\java\bigDataCompetition\target\classes started by xianglongxiang in F:\code\java\bigDataCompetition)
[2021-11-14 22:27:07,849] [INFO ] [main] [SpringApplication.java:675] [c.s.b.SpringApplication] - No active profile set, falling back to default profiles: default
[2021-11-14 22:27:09,022] [INFO ] [main] [PostProcessorRegistrationDelegate.java:330] [o.s.c.s.PostProcessorRegistrationDelegate$BeanPostProcessorChecker] - Bean 'org.springframework.transaction.annotation.ProxyTransactionManagementConfiguration' of type [org.springframework.transaction.annotation.ProxyTransactionManagementConfiguration$$EnhancerBySpringCGLIB$$18662442] is not eligible for getting processed by all BeanPostProcessors (for example: not eligible for auto-proxying)
[2021-11-14 22:27:09,402] [INFO ] [main] [TomcatWebServer.java:90] [o.s.b.w.e.tomcat.TomcatWebServer] - Tomcat initialized with port(s): 8506 (http)
[2021-11-14 22:27:09,411] [INFO ] [main] [DirectJDKLog.java:173] [o.a.coyote.http11.Http11NioProtocol] - Initializing ProtocolHandler ["http-nio-8506"]
[2021-11-14 22:27:09,415] [INFO ] [main] [DirectJDKLog.java:173] [o.a.catalina.core.StandardService] - Starting service [Tomcat]
[2021-11-14 22:27:09,416] [INFO ] [main] [DirectJDKLog.java:173] [o.a.catalina.core.StandardEngine] - Starting Servlet engine: [Apache Tomcat/9.0.14]
[2021-11-14 22:27:09,420] [INFO ] [main] [DirectJDKLog.java:173] [o.a.c.core.AprLifecycleListener] - The APR based Apache Tomcat Native library which allows optimal performance in production environments was not found on the java.library.path: [F:\java\jdk8.0\bin;C:\Windows\Sun\Java\bin;C:\Windows\system32;C:\Windows;C:\Program Files (x86)\Common Files\Oracle\Java\javapath;F:\java\jdk8.0\bin;F:\java\jdk8.0\jre\bin;C:\Windows\system32;C:\Windows;C:\Windows\System32\Wbem;C:\Windows\System32\WindowsPowerShell\v1.0\;C:\Windows\System32\OpenSSH\;C:\Program Files (x86)\NVIDIA Corporation\PhysX\Common;C:\Program Files\NVIDIA Corporation\NVIDIA NvDLISR;F:\MySQL Server 6.0\bin;F:\MySQL\bin;C:\Program Files\Microsoft VS Code\bin;C:\Program Files\MySQL\MySQL Shell 8.0\bin\;F:\Anaconda3;F:\Anaconda3\Library\mingw-w64\bin;F:\Anaconda3\Library\usr\bin;F:\Anaconda3\Library\bin;F:\Anaconda3\Scripts;C:\Users\xianglongxiang\AppData\Local\Microsoft\WindowsApps;F:\PyCharm\PyCharm Community Edition 2019.3.5\bin;;F:\python;E:\Bandizip\;F:\python3.8;;.]
[2021-11-14 22:27:09,644] [INFO ] [main] [DirectJDKLog.java:173] [org.apache.jasper.servlet.TldScanner] - At least one JAR was scanned for TLDs yet contained no TLDs. Enable debug logging for this logger for a complete list of JARs that were scanned but no TLDs were found in them. Skipping unneeded JARs during scanning can improve startup time and JSP compilation time.
[2021-11-14 22:27:09,649] [INFO ] [main] [DirectJDKLog.java:173] [o.a.c.c.C.[Tomcat].[localhost].[/]] - Initializing Spring embedded WebApplicationContext
[2021-11-14 22:27:09,649] [INFO ] [main] [ServletWebServerApplicationContext.java:296] [o.s.web.context.ContextLoader] - Root WebApplicationContext: initialization completed in 1757 ms
[2021-11-14 22:27:09,737] [INFO ] [main] [DruidDataSourceAutoConfigure.java:56] [c.a.d.s.b.a.DruidDataSourceAutoConfigure] - Init DruidDataSource
[2021-11-14 22:27:09,893] [INFO ] [main] [DruidDataSource.java:930] [c.alibaba.druid.pool.DruidDataSource] - {dataSource-1} inited
[2021-11-14 22:27:10,432] [INFO ] [main] [PropertySourcedRequestMappingHandlerMapping.java:69] [s.d.s.w.PropertySourcedRequestMappingHandlerMapping] - Mapped URL path [/v2/api-docs] onto method [public org.springframework.http.ResponseEntity<springfox.documentation.spring.web.json.Json> springfox.documentation.swagger2.web.Swagger2Controller.getDocumentation(java.lang.String,javax.servlet.http.HttpServletRequest)]
[2021-11-14 22:27:10,505] [INFO ] [main] [ExecutorConfigurationSupport.java:171] [o.s.s.c.ThreadPoolTaskExecutor] - Initializing ExecutorService 'applicationTaskExecutor'
[2021-11-14 22:27:10,603] [INFO ] [main] [ExecutorConfigurationSupport.java:171] [o.s.s.c.ThreadPoolTaskScheduler] - Initializing ExecutorService 'taskScheduler'
[2021-11-14 22:27:10,654] [INFO ] [main] [DocumentationPluginsBootstrapper.java:160] [s.d.s.w.p.DocumentationPluginsBootstrapper] - Context refreshed
[2021-11-14 22:27:10,670] [INFO ] [main] [DocumentationPluginsBootstrapper.java:163] [s.d.s.w.p.DocumentationPluginsBootstrapper] - Found 1 custom documentation plugin(s)
[2021-11-14 22:27:10,699] [INFO ] [main] [ApiListingReferenceScanner.java:41] [s.d.s.w.s.ApiListingReferenceScanner] - Scanning for api listing references
[2021-11-14 22:27:10,866] [INFO ] [main] [DirectJDKLog.java:173] [o.a.coyote.http11.Http11NioProtocol] - Starting ProtocolHandler ["http-nio-8506"]
[2021-11-14 22:27:10,901] [INFO ] [main] [TomcatWebServer.java:204] [o.s.b.w.e.tomcat.TomcatWebServer] - Tomcat started on port(s): 8506 (http) with context path ''
[2021-11-14 22:27:10,905] [INFO ] [main] [StartupInfoLogger.java:59] [c.s.b.SpringApplication] - Started SpringApplication in 3.582 seconds (JVM running for 5.057)
[2021-11-14 22:34:54,033] [INFO ] [main] [StartupInfoLogger.java:50] [c.s.b.SpringApplication] - Starting SpringApplication on LAPTOP-KKEOH94H with PID 2624 (F:\code\java\bigDataCompetition\target\classes started by xianglongxiang in F:\code\java\bigDataCompetition)
[2021-11-14 22:34:54,040] [INFO ] [main] [SpringApplication.java:675] [c.s.b.SpringApplication] - No active profile set, falling back to default profiles: default
[2021-11-14 22:34:55,647] [INFO ] [main] [PostProcessorRegistrationDelegate.java:330] [o.s.c.s.PostProcessorRegistrationDelegate$BeanPostProcessorChecker] - Bean 'org.springframework.transaction.annotation.ProxyTransactionManagementConfiguration' of type [org.springframework.transaction.annotation.ProxyTransactionManagementConfiguration$$EnhancerBySpringCGLIB$$2eaa911d] is not eligible for getting processed by all BeanPostProcessors (for example: not eligible for auto-proxying)
[2021-11-14 22:34:56,019] [INFO ] [main] [TomcatWebServer.java:90] [o.s.b.w.e.tomcat.TomcatWebServer] - Tomcat initialized with port(s): 8506 (http)
[2021-11-14 22:34:56,033] [INFO ] [main] [DirectJDKLog.java:173] [o.a.coyote.http11.Http11NioProtocol] - Initializing ProtocolHandler ["http-nio-8506"]
[2021-11-14 22:34:56,042] [INFO ] [main] [DirectJDKLog.java:173] [o.a.catalina.core.StandardService] - Starting service [Tomcat]
[2021-11-14 22:34:56,042] [INFO ] [main] [DirectJDKLog.java:173] [o.a.catalina.core.StandardEngine] - Starting Servlet engine: [Apache Tomcat/9.0.14]
[2021-11-14 22:34:56,049] [INFO ] [main] [DirectJDKLog.java:173] [o.a.c.core.AprLifecycleListener] - The APR based Apache Tomcat Native library which allows optimal performance in production environments was not found on the java.library.path: [F:\java\jdk8.0\bin;C:\Windows\Sun\Java\bin;C:\Windows\system32;C:\Windows;C:\Program Files (x86)\Common Files\Oracle\Java\javapath;F:\java\jdk8.0\bin;F:\java\jdk8.0\jre\bin;C:\Windows\system32;C:\Windows;C:\Windows\System32\Wbem;C:\Windows\System32\WindowsPowerShell\v1.0\;C:\Windows\System32\OpenSSH\;C:\Program Files (x86)\NVIDIA Corporation\PhysX\Common;C:\Program Files\NVIDIA Corporation\NVIDIA NvDLISR;F:\MySQL Server 6.0\bin;F:\MySQL\bin;C:\Program Files\Microsoft VS Code\bin;C:\Program Files\MySQL\MySQL Shell 8.0\bin\;F:\Anaconda3;F:\Anaconda3\Library\mingw-w64\bin;F:\Anaconda3\Library\usr\bin;F:\Anaconda3\Library\bin;F:\Anaconda3\Scripts;C:\Users\xianglongxiang\AppData\Local\Microsoft\WindowsApps;F:\PyCharm\PyCharm Community Edition 2019.3.5\bin;;F:\python;E:\Bandizip\;F:\python3.8;;.]
[2021-11-14 22:34:56,395] [INFO ] [main] [DirectJDKLog.java:173] [org.apache.jasper.servlet.TldScanner] - At least one JAR was scanned for TLDs yet contained no TLDs. Enable debug logging for this logger for a complete list of JARs that were scanned but no TLDs were found in them. Skipping unneeded JARs during scanning can improve startup time and JSP compilation time.
[2021-11-14 22:34:56,403] [INFO ] [main] [DirectJDKLog.java:173] [o.a.c.c.C.[Tomcat].[localhost].[/]] - Initializing Spring embedded WebApplicationContext
[2021-11-14 22:34:56,403] [INFO ] [main] [ServletWebServerApplicationContext.java:296] [o.s.web.context.ContextLoader] - Root WebApplicationContext: initialization completed in 2276 ms
[2021-11-14 22:34:56,537] [INFO ] [main] [DruidDataSourceAutoConfigure.java:56] [c.a.d.s.b.a.DruidDataSourceAutoConfigure] - Init DruidDataSource
[2021-11-14 22:34:56,767] [INFO ] [main] [DruidDataSource.java:930] [c.alibaba.druid.pool.DruidDataSource] - {dataSource-1} inited
[2021-11-14 22:34:57,540] [INFO ] [main] [PropertySourcedRequestMappingHandlerMapping.java:69] [s.d.s.w.PropertySourcedRequestMappingHandlerMapping] - Mapped URL path [/v2/api-docs] onto method [public org.springframework.http.ResponseEntity<springfox.documentation.spring.web.json.Json> springfox.documentation.swagger2.web.Swagger2Controller.getDocumentation(java.lang.String,javax.servlet.http.HttpServletRequest)]
[2021-11-14 22:34:57,657] [INFO ] [main] [ExecutorConfigurationSupport.java:171] [o.s.s.c.ThreadPoolTaskExecutor] - Initializing ExecutorService 'applicationTaskExecutor'
[2021-11-14 22:34:57,795] [INFO ] [main] [ExecutorConfigurationSupport.java:171] [o.s.s.c.ThreadPoolTaskScheduler] - Initializing ExecutorService 'taskScheduler'
[2021-11-14 22:34:57,854] [INFO ] [main] [DocumentationPluginsBootstrapper.java:160] [s.d.s.w.p.DocumentationPluginsBootstrapper] - Context refreshed
[2021-11-14 22:34:57,873] [INFO ] [main] [DocumentationPluginsBootstrapper.java:163] [s.d.s.w.p.DocumentationPluginsBootstrapper] - Found 1 custom documentation plugin(s)
[2021-11-14 22:34:57,907] [INFO ] [main] [ApiListingReferenceScanner.java:41] [s.d.s.w.s.ApiListingReferenceScanner] - Scanning for api listing references
[2021-11-14 22:34:58,095] [INFO ] [main] [DirectJDKLog.java:173] [o.a.coyote.http11.Http11NioProtocol] - Starting ProtocolHandler ["http-nio-8506"]
[2021-11-14 22:34:58,131] [INFO ] [main] [TomcatWebServer.java:204] [o.s.b.w.e.tomcat.TomcatWebServer] - Tomcat started on port(s): 8506 (http) with context path ''
[2021-11-14 22:34:58,134] [INFO ] [main] [StartupInfoLogger.java:59] [c.s.b.SpringApplication] - Started SpringApplication in 4.784 seconds (JVM running for 6.388)
[2021-11-14 22:35:00,225] [INFO ] [http-nio-8506-exec-1] [DirectJDKLog.java:173] [o.a.c.c.C.[Tomcat].[localhost].[/]] - Initializing Spring DispatcherServlet 'dispatcherServlet'
[2021-11-14 22:35:00,226] [INFO ] [http-nio-8506-exec-1] [FrameworkServlet.java:524] [o.s.web.servlet.DispatcherServlet] - Initializing Servlet 'dispatcherServlet'
[2021-11-14 22:35:00,235] [INFO ] [http-nio-8506-exec-1] [FrameworkServlet.java:546] [o.s.web.servlet.DispatcherServlet] - Completed initialization in 9 ms
