[2021-08-26 10:59:14,360] [INFO ] [main] [StartupInfoLogger.java:50] [c.s.b.SpringApplication] - Starting SpringApplication on LAPTOP-BMFDIME7 with PID 30404 (D:\sgmw\git_repo\bigDataCompetition\target\classes started by desu in D:\sgmw\git_repo\bigDataCompetition)
[2021-08-26 10:59:14,366] [INFO ] [main] [SpringApplication.java:675] [c.s.b.SpringApplication] - No active profile set, falling back to default profiles: default
[2021-08-26 10:59:15,821] [INFO ] [main] [PostProcessorRegistrationDelegate.java:330] [o.s.c.s.PostProcessorRegistrationDelegate$BeanPostProcessorChecker] - Bean 'org.springframework.transaction.annotation.ProxyTransactionManagementConfiguration' of type [org.springframework.transaction.annotation.ProxyTransactionManagementConfiguration$$EnhancerBySpringCGLIB$$9e665318] is not eligible for getting processed by all BeanPostProcessors (for example: not eligible for auto-proxying)
[2021-08-26 10:59:16,228] [INFO ] [main] [TomcatWebServer.java:90] [o.s.b.w.e.tomcat.TomcatWebServer] - Tomcat initialized with port(s): 8506 (http)
[2021-08-26 10:59:16,250] [INFO ] [main] [DirectJDKLog.java:173] [o.a.coyote.http11.Http11NioProtocol] - Initializing ProtocolHandler ["http-nio-8506"]
[2021-08-26 10:59:16,262] [INFO ] [main] [DirectJDKLog.java:173] [o.a.catalina.core.StandardService] - Starting service [Tomcat]
[2021-08-26 10:59:16,263] [INFO ] [main] [DirectJDKLog.java:173] [o.a.catalina.core.StandardEngine] - Starting Servlet engine: [Apache Tomcat/9.0.14]
[2021-08-26 10:59:16,275] [INFO ] [main] [DirectJDKLog.java:173] [o.a.c.core.AprLifecycleListener] - The APR based Apache Tomcat Native library which allows optimal performance in production environments was not found on the java.library.path: [D:\java\JDK1.8\jdk1.8.0_51\bin;C:\WINDOWS\Sun\Java\bin;C:\WINDOWS\system32;C:\WINDOWS;C:\ProgramData\Oracle\Java\javapath;E:\soft\Xftp 6\;E:\soft\Xshell6\;C:\Windows\system32;C:\Windows;C:\Windows\System32\Wbem;C:\Windows\System32\WindowsPowerShell\v1.0\;C:\Windows\System32\OpenSSH\;C:\Program Files (x86)\NVIDIA Corporation\PhysX\Common;C:\Program Files\NVIDIA Corporation\NVIDIA NvDLISR;C:\Program Files\Microsoft Network Monitor 3\;E:\soft\java\jdk1.8.0_144\bin;C:\Program Files (x86)\MySQL\MySQL Server 5.5\bin;D:\java\Git\Git\cmd;D:\java\scala-2.11.12\bin;D:\java\scala-2.11.12\jre\bin;;C:\WINDOWS\system32;C:\WINDOWS;C:\WINDOWS\System32\Wbem;C:\WINDOWS\System32\WindowsPowerShell\v1.0\;C:\WINDOWS\System32\OpenSSH\;C:\Users\desu\AppData\Local\Microsoft\WindowsApps;E:\soft\java\jdk1.8.0_144\bin;E:\soft\java\jdk1.8.0_144\jre\bin;D:\java\apache-maven-3.5.0\bin;D:\java\hadoop-2.7.1\bin;;.]
[2021-08-26 10:59:16,630] [INFO ] [main] [DirectJDKLog.java:173] [org.apache.jasper.servlet.TldScanner] - At least one JAR was scanned for TLDs yet contained no TLDs. Enable debug logging for this logger for a complete list of JARs that were scanned but no TLDs were found in them. Skipping unneeded JARs during scanning can improve startup time and JSP compilation time.
[2021-08-26 10:59:16,636] [INFO ] [main] [DirectJDKLog.java:173] [o.a.c.c.C.[Tomcat].[localhost].[/]] - Initializing Spring embedded WebApplicationContext
[2021-08-26 10:59:16,637] [INFO ] [main] [ServletWebServerApplicationContext.java:296] [o.s.web.context.ContextLoader] - Root WebApplicationContext: initialization completed in 2144 ms
[2021-08-26 10:59:16,895] [INFO ] [main] [DruidDataSourceAutoConfigure.java:56] [c.a.d.s.b.a.DruidDataSourceAutoConfigure] - Init DruidDataSource
[2021-08-26 10:59:17,131] [INFO ] [main] [DruidDataSource.java:930] [c.alibaba.druid.pool.DruidDataSource] - {dataSource-1} inited
[2021-08-26 10:59:18,410] [INFO ] [main] [PropertySourcedRequestMappingHandlerMapping.java:69] [s.d.s.w.PropertySourcedRequestMappingHandlerMapping] - Mapped URL path [/v2/api-docs] onto method [public org.springframework.http.ResponseEntity<springfox.documentation.spring.web.json.Json> springfox.documentation.swagger2.web.Swagger2Controller.getDocumentation(java.lang.String,javax.servlet.http.HttpServletRequest)]
[2021-08-26 10:59:18,562] [INFO ] [main] [ExecutorConfigurationSupport.java:171] [o.s.s.c.ThreadPoolTaskExecutor] - Initializing ExecutorService 'applicationTaskExecutor'
[2021-08-26 10:59:18,787] [INFO ] [main] [ExecutorConfigurationSupport.java:171] [o.s.s.c.ThreadPoolTaskScheduler] - Initializing ExecutorService 'taskScheduler'
[2021-08-26 10:59:18,851] [INFO ] [main] [DocumentationPluginsBootstrapper.java:160] [s.d.s.w.p.DocumentationPluginsBootstrapper] - Context refreshed
[2021-08-26 10:59:18,876] [INFO ] [main] [DocumentationPluginsBootstrapper.java:163] [s.d.s.w.p.DocumentationPluginsBootstrapper] - Found 1 custom documentation plugin(s)
[2021-08-26 10:59:18,918] [INFO ] [main] [ApiListingReferenceScanner.java:41] [s.d.s.w.s.ApiListingReferenceScanner] - Scanning for api listing references
[2021-08-26 10:59:19,166] [INFO ] [main] [DirectJDKLog.java:173] [o.a.coyote.http11.Http11NioProtocol] - Starting ProtocolHandler ["http-nio-8506"]
[2021-08-26 10:59:19,219] [INFO ] [main] [TomcatWebServer.java:204] [o.s.b.w.e.tomcat.TomcatWebServer] - Tomcat started on port(s): 8506 (http) with context path ''
[2021-08-26 10:59:19,227] [INFO ] [main] [StartupInfoLogger.java:59] [c.s.b.SpringApplication] - Started SpringApplication in 5.568 seconds (JVM running for 9.231)
[2021-08-26 11:00:13,650] [INFO ] [Thread-8] [ExecutorConfigurationSupport.java:208] [o.s.s.c.ThreadPoolTaskScheduler] - Shutting down ExecutorService 'taskScheduler'
[2021-08-26 11:00:13,652] [INFO ] [Thread-8] [ExecutorConfigurationSupport.java:208] [o.s.s.c.ThreadPoolTaskExecutor] - Shutting down ExecutorService 'applicationTaskExecutor'
[2021-08-26 11:00:13,658] [INFO ] [Thread-8] [DruidDataSource.java:1825] [c.alibaba.druid.pool.DruidDataSource] - {dataSource-1} closed
[2021-08-26 11:02:48,685] [INFO ] [main] [StartupInfoLogger.java:50] [c.s.b.SpringApplication] - Starting SpringApplication on LAPTOP-BMFDIME7 with PID 31900 (D:\sgmw\git_repo\bigDataCompetition\target\classes started by desu in D:\sgmw\git_repo\bigDataCompetition)
[2021-08-26 11:02:48,689] [INFO ] [main] [SpringApplication.java:675] [c.s.b.SpringApplication] - No active profile set, falling back to default profiles: default
[2021-08-26 11:02:49,971] [INFO ] [main] [PostProcessorRegistrationDelegate.java:330] [o.s.c.s.PostProcessorRegistrationDelegate$BeanPostProcessorChecker] - Bean 'org.springframework.transaction.annotation.ProxyTransactionManagementConfiguration' of type [org.springframework.transaction.annotation.ProxyTransactionManagementConfiguration$$EnhancerBySpringCGLIB$$676980a4] is not eligible for getting processed by all BeanPostProcessors (for example: not eligible for auto-proxying)
[2021-08-26 11:02:50,314] [INFO ] [main] [TomcatWebServer.java:90] [o.s.b.w.e.tomcat.TomcatWebServer] - Tomcat initialized with port(s): 8506 (http)
[2021-08-26 11:02:50,329] [INFO ] [main] [DirectJDKLog.java:173] [o.a.coyote.http11.Http11NioProtocol] - Initializing ProtocolHandler ["http-nio-8506"]
[2021-08-26 11:02:50,337] [INFO ] [main] [DirectJDKLog.java:173] [o.a.catalina.core.StandardService] - Starting service [Tomcat]
[2021-08-26 11:02:50,337] [INFO ] [main] [DirectJDKLog.java:173] [o.a.catalina.core.StandardEngine] - Starting Servlet engine: [Apache Tomcat/9.0.14]
[2021-08-26 11:02:50,343] [INFO ] [main] [DirectJDKLog.java:173] [o.a.c.core.AprLifecycleListener] - The APR based Apache Tomcat Native library which allows optimal performance in production environments was not found on the java.library.path: [D:\java\JDK1.8\jdk1.8.0_51\bin;C:\WINDOWS\Sun\Java\bin;C:\WINDOWS\system32;C:\WINDOWS;C:\ProgramData\Oracle\Java\javapath;E:\soft\Xftp 6\;E:\soft\Xshell6\;C:\Windows\system32;C:\Windows;C:\Windows\System32\Wbem;C:\Windows\System32\WindowsPowerShell\v1.0\;C:\Windows\System32\OpenSSH\;C:\Program Files (x86)\NVIDIA Corporation\PhysX\Common;C:\Program Files\NVIDIA Corporation\NVIDIA NvDLISR;C:\Program Files\Microsoft Network Monitor 3\;E:\soft\java\jdk1.8.0_144\bin;C:\Program Files (x86)\MySQL\MySQL Server 5.5\bin;D:\java\Git\Git\cmd;D:\java\scala-2.11.12\bin;D:\java\scala-2.11.12\jre\bin;;C:\WINDOWS\system32;C:\WINDOWS;C:\WINDOWS\System32\Wbem;C:\WINDOWS\System32\WindowsPowerShell\v1.0\;C:\WINDOWS\System32\OpenSSH\;C:\Users\desu\AppData\Local\Microsoft\WindowsApps;E:\soft\java\jdk1.8.0_144\bin;E:\soft\java\jdk1.8.0_144\jre\bin;D:\java\apache-maven-3.5.0\bin;D:\java\hadoop-2.7.1\bin;;.]
[2021-08-26 11:02:50,623] [INFO ] [main] [DirectJDKLog.java:173] [org.apache.jasper.servlet.TldScanner] - At least one JAR was scanned for TLDs yet contained no TLDs. Enable debug logging for this logger for a complete list of JARs that were scanned but no TLDs were found in them. Skipping unneeded JARs during scanning can improve startup time and JSP compilation time.
[2021-08-26 11:02:50,629] [INFO ] [main] [DirectJDKLog.java:173] [o.a.c.c.C.[Tomcat].[localhost].[/]] - Initializing Spring embedded WebApplicationContext
[2021-08-26 11:02:50,629] [INFO ] [main] [ServletWebServerApplicationContext.java:296] [o.s.web.context.ContextLoader] - Root WebApplicationContext: initialization completed in 1883 ms
[2021-08-26 11:02:50,817] [INFO ] [main] [DruidDataSourceAutoConfigure.java:56] [c.a.d.s.b.a.DruidDataSourceAutoConfigure] - Init DruidDataSource
[2021-08-26 11:02:51,036] [INFO ] [main] [DruidDataSource.java:930] [c.alibaba.druid.pool.DruidDataSource] - {dataSource-1} inited
[2021-08-26 11:02:51,758] [INFO ] [main] [PropertySourcedRequestMappingHandlerMapping.java:69] [s.d.s.w.PropertySourcedRequestMappingHandlerMapping] - Mapped URL path [/v2/api-docs] onto method [public org.springframework.http.ResponseEntity<springfox.documentation.spring.web.json.Json> springfox.documentation.swagger2.web.Swagger2Controller.getDocumentation(java.lang.String,javax.servlet.http.HttpServletRequest)]
[2021-08-26 11:02:51,881] [INFO ] [main] [ExecutorConfigurationSupport.java:171] [o.s.s.c.ThreadPoolTaskExecutor] - Initializing ExecutorService 'applicationTaskExecutor'
[2021-08-26 11:02:52,030] [INFO ] [main] [ExecutorConfigurationSupport.java:171] [o.s.s.c.ThreadPoolTaskScheduler] - Initializing ExecutorService 'taskScheduler'
[2021-08-26 11:02:52,092] [INFO ] [main] [DocumentationPluginsBootstrapper.java:160] [s.d.s.w.p.DocumentationPluginsBootstrapper] - Context refreshed
[2021-08-26 11:02:52,112] [INFO ] [main] [DocumentationPluginsBootstrapper.java:163] [s.d.s.w.p.DocumentationPluginsBootstrapper] - Found 1 custom documentation plugin(s)
[2021-08-26 11:02:52,149] [INFO ] [main] [ApiListingReferenceScanner.java:41] [s.d.s.w.s.ApiListingReferenceScanner] - Scanning for api listing references
[2021-08-26 11:02:52,349] [INFO ] [main] [DirectJDKLog.java:173] [o.a.coyote.http11.Http11NioProtocol] - Starting ProtocolHandler ["http-nio-8506"]
[2021-08-26 11:02:52,391] [INFO ] [main] [TomcatWebServer.java:204] [o.s.b.w.e.tomcat.TomcatWebServer] - Tomcat started on port(s): 8506 (http) with context path ''
[2021-08-26 11:02:52,396] [INFO ] [main] [StartupInfoLogger.java:59] [c.s.b.SpringApplication] - Started SpringApplication in 4.243 seconds (JVM running for 7.057)
[2021-08-26 11:03:12,250] [INFO ] [http-nio-8506-exec-2] [DirectJDKLog.java:173] [o.a.c.c.C.[Tomcat].[localhost].[/]] - Initializing Spring DispatcherServlet 'dispatcherServlet'
[2021-08-26 11:03:12,251] [INFO ] [http-nio-8506-exec-2] [FrameworkServlet.java:524] [o.s.web.servlet.DispatcherServlet] - Initializing Servlet 'dispatcherServlet'
[2021-08-26 11:03:12,262] [INFO ] [http-nio-8506-exec-2] [FrameworkServlet.java:546] [o.s.web.servlet.DispatcherServlet] - Completed initialization in 11 ms
[2021-08-26 11:05:55,069] [INFO ] [Thread-9] [ExecutorConfigurationSupport.java:208] [o.s.s.c.ThreadPoolTaskScheduler] - Shutting down ExecutorService 'taskScheduler'
[2021-08-26 11:05:55,071] [INFO ] [Thread-9] [ExecutorConfigurationSupport.java:208] [o.s.s.c.ThreadPoolTaskExecutor] - Shutting down ExecutorService 'applicationTaskExecutor'
[2021-08-26 11:05:55,077] [INFO ] [Thread-9] [DruidDataSource.java:1825] [c.alibaba.druid.pool.DruidDataSource] - {dataSource-1} closed
[2021-08-26 11:40:58,532] [INFO ] [main] [StartupInfoLogger.java:50] [c.s.b.SpringApplication] - Starting SpringApplication on LAPTOP-BMFDIME7 with PID 34216 (D:\sgmw\git_repo\bigDataCompetition\target\classes started by desu in D:\sgmw\git_repo\bigDataCompetition)
[2021-08-26 11:40:58,539] [INFO ] [main] [SpringApplication.java:675] [c.s.b.SpringApplication] - No active profile set, falling back to default profiles: default
[2021-08-26 11:40:59,892] [INFO ] [main] [PostProcessorRegistrationDelegate.java:330] [o.s.c.s.PostProcessorRegistrationDelegate$BeanPostProcessorChecker] - Bean 'org.springframework.transaction.annotation.ProxyTransactionManagementConfiguration' of type [org.springframework.transaction.annotation.ProxyTransactionManagementConfiguration$$EnhancerBySpringCGLIB$$5fce43f0] is not eligible for getting processed by all BeanPostProcessors (for example: not eligible for auto-proxying)
[2021-08-26 11:41:00,254] [INFO ] [main] [TomcatWebServer.java:90] [o.s.b.w.e.tomcat.TomcatWebServer] - Tomcat initialized with port(s): 8506 (http)
[2021-08-26 11:41:00,268] [INFO ] [main] [DirectJDKLog.java:173] [o.a.coyote.http11.Http11NioProtocol] - Initializing ProtocolHandler ["http-nio-8506"]
[2021-08-26 11:41:00,277] [INFO ] [main] [DirectJDKLog.java:173] [o.a.catalina.core.StandardService] - Starting service [Tomcat]
[2021-08-26 11:41:00,278] [INFO ] [main] [DirectJDKLog.java:173] [o.a.catalina.core.StandardEngine] - Starting Servlet engine: [Apache Tomcat/9.0.14]
[2021-08-26 11:41:00,284] [INFO ] [main] [DirectJDKLog.java:173] [o.a.c.core.AprLifecycleListener] - The APR based Apache Tomcat Native library which allows optimal performance in production environments was not found on the java.library.path: [D:\java\JDK1.8\jdk1.8.0_51\bin;C:\WINDOWS\Sun\Java\bin;C:\WINDOWS\system32;C:\WINDOWS;C:\ProgramData\Oracle\Java\javapath;E:\soft\Xftp 6\;E:\soft\Xshell6\;C:\Windows\system32;C:\Windows;C:\Windows\System32\Wbem;C:\Windows\System32\WindowsPowerShell\v1.0\;C:\Windows\System32\OpenSSH\;C:\Program Files (x86)\NVIDIA Corporation\PhysX\Common;C:\Program Files\NVIDIA Corporation\NVIDIA NvDLISR;C:\Program Files\Microsoft Network Monitor 3\;E:\soft\java\jdk1.8.0_144\bin;C:\Program Files (x86)\MySQL\MySQL Server 5.5\bin;D:\java\Git\Git\cmd;D:\java\scala-2.11.12\bin;D:\java\scala-2.11.12\jre\bin;;C:\WINDOWS\system32;C:\WINDOWS;C:\WINDOWS\System32\Wbem;C:\WINDOWS\System32\WindowsPowerShell\v1.0\;C:\WINDOWS\System32\OpenSSH\;C:\Users\desu\AppData\Local\Microsoft\WindowsApps;E:\soft\java\jdk1.8.0_144\bin;E:\soft\java\jdk1.8.0_144\jre\bin;D:\java\apache-maven-3.5.0\bin;D:\java\hadoop-2.7.1\bin;;.]
[2021-08-26 11:41:00,579] [INFO ] [main] [DirectJDKLog.java:173] [org.apache.jasper.servlet.TldScanner] - At least one JAR was scanned for TLDs yet contained no TLDs. Enable debug logging for this logger for a complete list of JARs that were scanned but no TLDs were found in them. Skipping unneeded JARs during scanning can improve startup time and JSP compilation time.
[2021-08-26 11:41:00,584] [INFO ] [main] [DirectJDKLog.java:173] [o.a.c.c.C.[Tomcat].[localhost].[/]] - Initializing Spring embedded WebApplicationContext
[2021-08-26 11:41:00,584] [INFO ] [main] [ServletWebServerApplicationContext.java:296] [o.s.web.context.ContextLoader] - Root WebApplicationContext: initialization completed in 1978 ms
[2021-08-26 11:41:00,720] [INFO ] [main] [DruidDataSourceAutoConfigure.java:56] [c.a.d.s.b.a.DruidDataSourceAutoConfigure] - Init DruidDataSource
[2021-08-26 11:41:00,951] [INFO ] [main] [DruidDataSource.java:930] [c.alibaba.druid.pool.DruidDataSource] - {dataSource-1} inited
[2021-08-26 11:41:01,810] [INFO ] [main] [PropertySourcedRequestMappingHandlerMapping.java:69] [s.d.s.w.PropertySourcedRequestMappingHandlerMapping] - Mapped URL path [/v2/api-docs] onto method [public org.springframework.http.ResponseEntity<springfox.documentation.spring.web.json.Json> springfox.documentation.swagger2.web.Swagger2Controller.getDocumentation(java.lang.String,javax.servlet.http.HttpServletRequest)]
[2021-08-26 11:41:01,940] [INFO ] [main] [ExecutorConfigurationSupport.java:171] [o.s.s.c.ThreadPoolTaskExecutor] - Initializing ExecutorService 'applicationTaskExecutor'
[2021-08-26 11:41:02,085] [INFO ] [main] [ExecutorConfigurationSupport.java:171] [o.s.s.c.ThreadPoolTaskScheduler] - Initializing ExecutorService 'taskScheduler'
[2021-08-26 11:41:02,146] [INFO ] [main] [DocumentationPluginsBootstrapper.java:160] [s.d.s.w.p.DocumentationPluginsBootstrapper] - Context refreshed
[2021-08-26 11:41:02,166] [INFO ] [main] [DocumentationPluginsBootstrapper.java:163] [s.d.s.w.p.DocumentationPluginsBootstrapper] - Found 1 custom documentation plugin(s)
[2021-08-26 11:41:02,205] [INFO ] [main] [ApiListingReferenceScanner.java:41] [s.d.s.w.s.ApiListingReferenceScanner] - Scanning for api listing references
[2021-08-26 11:41:02,418] [INFO ] [main] [DirectJDKLog.java:173] [o.a.coyote.http11.Http11NioProtocol] - Starting ProtocolHandler ["http-nio-8506"]
[2021-08-26 11:41:02,453] [INFO ] [main] [TomcatWebServer.java:204] [o.s.b.w.e.tomcat.TomcatWebServer] - Tomcat started on port(s): 8506 (http) with context path ''
[2021-08-26 11:41:02,456] [INFO ] [main] [StartupInfoLogger.java:59] [c.s.b.SpringApplication] - Started SpringApplication in 4.61 seconds (JVM running for 7.388)
[2021-08-26 11:41:13,358] [INFO ] [http-nio-8506-exec-1] [DirectJDKLog.java:173] [o.a.c.c.C.[Tomcat].[localhost].[/]] - Initializing Spring DispatcherServlet 'dispatcherServlet'
[2021-08-26 11:41:13,358] [INFO ] [http-nio-8506-exec-1] [FrameworkServlet.java:524] [o.s.web.servlet.DispatcherServlet] - Initializing Servlet 'dispatcherServlet'
[2021-08-26 11:41:13,367] [INFO ] [http-nio-8506-exec-1] [FrameworkServlet.java:546] [o.s.web.servlet.DispatcherServlet] - Completed initialization in 9 ms
[2021-08-26 12:16:54,903] [INFO ] [Thread-9] [ExecutorConfigurationSupport.java:208] [o.s.s.c.ThreadPoolTaskScheduler] - Shutting down ExecutorService 'taskScheduler'
[2021-08-26 12:16:54,904] [INFO ] [Thread-9] [ExecutorConfigurationSupport.java:208] [o.s.s.c.ThreadPoolTaskExecutor] - Shutting down ExecutorService 'applicationTaskExecutor'
[2021-08-26 12:16:54,906] [INFO ] [Thread-9] [DruidDataSource.java:1825] [c.alibaba.druid.pool.DruidDataSource] - {dataSource-1} closed
[2021-08-26 12:21:16,479] [INFO ] [main] [StartupInfoLogger.java:50] [c.s.b.SpringApplication] - Starting SpringApplication on LAPTOP-BMFDIME7 with PID 29692 (D:\sgmw\git_repo\bigDataCompetition\target\classes started by desu in D:\sgmw\git_repo\bigDataCompetition)
[2021-08-26 12:21:16,493] [INFO ] [main] [SpringApplication.java:675] [c.s.b.SpringApplication] - No active profile set, falling back to default profiles: default
[2021-08-26 12:21:22,185] [INFO ] [main] [PostProcessorRegistrationDelegate.java:330] [o.s.c.s.PostProcessorRegistrationDelegate$BeanPostProcessorChecker] - Bean 'org.springframework.transaction.annotation.ProxyTransactionManagementConfiguration' of type [org.springframework.transaction.annotation.ProxyTransactionManagementConfiguration$$EnhancerBySpringCGLIB$$32c8a65e] is not eligible for getting processed by all BeanPostProcessors (for example: not eligible for auto-proxying)
[2021-08-26 12:21:24,052] [INFO ] [main] [TomcatWebServer.java:90] [o.s.b.w.e.tomcat.TomcatWebServer] - Tomcat initialized with port(s): 8506 (http)
[2021-08-26 12:21:24,111] [INFO ] [main] [DirectJDKLog.java:173] [o.a.coyote.http11.Http11NioProtocol] - Initializing ProtocolHandler ["http-nio-8506"]
[2021-08-26 12:21:24,147] [INFO ] [main] [DirectJDKLog.java:173] [o.a.catalina.core.StandardService] - Starting service [Tomcat]
[2021-08-26 12:21:24,148] [INFO ] [main] [DirectJDKLog.java:173] [o.a.catalina.core.StandardEngine] - Starting Servlet engine: [Apache Tomcat/9.0.14]
[2021-08-26 12:21:24,178] [INFO ] [main] [DirectJDKLog.java:173] [o.a.c.core.AprLifecycleListener] - The APR based Apache Tomcat Native library which allows optimal performance in production environments was not found on the java.library.path: [D:\java\JDK1.8\jdk1.8.0_51\bin;C:\WINDOWS\Sun\Java\bin;C:\WINDOWS\system32;C:\WINDOWS;C:\ProgramData\Oracle\Java\javapath;E:\soft\Xftp 6\;E:\soft\Xshell6\;C:\Windows\system32;C:\Windows;C:\Windows\System32\Wbem;C:\Windows\System32\WindowsPowerShell\v1.0\;C:\Windows\System32\OpenSSH\;C:\Program Files (x86)\NVIDIA Corporation\PhysX\Common;C:\Program Files\NVIDIA Corporation\NVIDIA NvDLISR;C:\Program Files\Microsoft Network Monitor 3\;E:\soft\java\jdk1.8.0_144\bin;C:\Program Files (x86)\MySQL\MySQL Server 5.5\bin;D:\java\Git\Git\cmd;D:\java\scala-2.11.12\bin;D:\java\scala-2.11.12\jre\bin;;C:\WINDOWS\system32;C:\WINDOWS;C:\WINDOWS\System32\Wbem;C:\WINDOWS\System32\WindowsPowerShell\v1.0\;C:\WINDOWS\System32\OpenSSH\;C:\Users\desu\AppData\Local\Microsoft\WindowsApps;E:\soft\java\jdk1.8.0_144\bin;E:\soft\java\jdk1.8.0_144\jre\bin;D:\java\apache-maven-3.5.0\bin;D:\java\hadoop-2.7.1\bin;;.]
[2021-08-26 12:21:25,566] [INFO ] [main] [DirectJDKLog.java:173] [org.apache.jasper.servlet.TldScanner] - At least one JAR was scanned for TLDs yet contained no TLDs. Enable debug logging for this logger for a complete list of JARs that were scanned but no TLDs were found in them. Skipping unneeded JARs during scanning can improve startup time and JSP compilation time.
[2021-08-26 12:21:25,587] [INFO ] [main] [DirectJDKLog.java:173] [o.a.c.c.C.[Tomcat].[localhost].[/]] - Initializing Spring embedded WebApplicationContext
[2021-08-26 12:21:25,588] [INFO ] [main] [ServletWebServerApplicationContext.java:296] [o.s.web.context.ContextLoader] - Root WebApplicationContext: initialization completed in 8903 ms
[2021-08-26 12:21:26,195] [INFO ] [main] [DruidDataSourceAutoConfigure.java:56] [c.a.d.s.b.a.DruidDataSourceAutoConfigure] - Init DruidDataSource
[2021-08-26 12:21:26,917] [INFO ] [main] [DruidDataSource.java:930] [c.alibaba.druid.pool.DruidDataSource] - {dataSource-1} inited
[2021-08-26 12:21:29,602] [INFO ] [main] [PropertySourcedRequestMappingHandlerMapping.java:69] [s.d.s.w.PropertySourcedRequestMappingHandlerMapping] - Mapped URL path [/v2/api-docs] onto method [public org.springframework.http.ResponseEntity<springfox.documentation.spring.web.json.Json> springfox.documentation.swagger2.web.Swagger2Controller.getDocumentation(java.lang.String,javax.servlet.http.HttpServletRequest)]
[2021-08-26 12:21:30,166] [INFO ] [main] [ExecutorConfigurationSupport.java:171] [o.s.s.c.ThreadPoolTaskExecutor] - Initializing ExecutorService 'applicationTaskExecutor'
[2021-08-26 12:21:30,806] [INFO ] [main] [ExecutorConfigurationSupport.java:171] [o.s.s.c.ThreadPoolTaskScheduler] - Initializing ExecutorService 'taskScheduler'
[2021-08-26 12:21:31,092] [INFO ] [main] [DocumentationPluginsBootstrapper.java:160] [s.d.s.w.p.DocumentationPluginsBootstrapper] - Context refreshed
[2021-08-26 12:21:31,181] [INFO ] [main] [DocumentationPluginsBootstrapper.java:163] [s.d.s.w.p.DocumentationPluginsBootstrapper] - Found 1 custom documentation plugin(s)
[2021-08-26 12:21:31,333] [INFO ] [main] [ApiListingReferenceScanner.java:41] [s.d.s.w.s.ApiListingReferenceScanner] - Scanning for api listing references
[2021-08-26 12:21:32,143] [INFO ] [main] [DirectJDKLog.java:173] [o.a.coyote.http11.Http11NioProtocol] - Starting ProtocolHandler ["http-nio-8506"]
[2021-08-26 12:21:32,303] [INFO ] [main] [TomcatWebServer.java:204] [o.s.b.w.e.tomcat.TomcatWebServer] - Tomcat started on port(s): 8506 (http) with context path ''
[2021-08-26 12:21:32,317] [INFO ] [main] [StartupInfoLogger.java:59] [c.s.b.SpringApplication] - Started SpringApplication in 17.859 seconds (JVM running for 28.332)
[2021-08-26 12:33:19,735] [INFO ] [http-nio-8506-exec-1] [DirectJDKLog.java:173] [o.a.c.c.C.[Tomcat].[localhost].[/]] - Initializing Spring DispatcherServlet 'dispatcherServlet'
[2021-08-26 12:33:19,736] [INFO ] [http-nio-8506-exec-1] [FrameworkServlet.java:524] [o.s.web.servlet.DispatcherServlet] - Initializing Servlet 'dispatcherServlet'
[2021-08-26 12:33:19,781] [INFO ] [http-nio-8506-exec-1] [FrameworkServlet.java:546] [o.s.web.servlet.DispatcherServlet] - Completed initialization in 44 ms
[2021-08-26 12:40:18,808] [INFO ] [Thread-3] [ExecutorConfigurationSupport.java:208] [o.s.s.c.ThreadPoolTaskScheduler] - Shutting down ExecutorService 'taskScheduler'
[2021-08-26 12:40:18,809] [INFO ] [Thread-3] [ExecutorConfigurationSupport.java:208] [o.s.s.c.ThreadPoolTaskExecutor] - Shutting down ExecutorService 'applicationTaskExecutor'
[2021-08-26 12:40:18,813] [INFO ] [Thread-3] [DruidDataSource.java:1825] [c.alibaba.druid.pool.DruidDataSource] - {dataSource-1} closed
